04/06/2026 08:19:48 [INFO   ] ============================================================
04/06/2026 08:19:48 [INFO   ] INICIO - BUSCADOR DE OFERTAS DE BEBE | Amazon.es -> Telegram
04/06/2026 08:19:48 [INFO   ] Tag de afiliado: juegosenoferta-21 | Hora: 04/06/2026 08:19
04/06/2026 08:19:48 [INFO   ] ============================================================
04/06/2026 08:19:48 [INFO   ] Historial cargado: 10 ASINs en ventana de 48h (ignorados 1 expirados)
04/06/2026 08:19:48 [INFO   ] Ultimas categorias publicadas (anti-repeticion): Toallitas, Biberones, Toallitas, Cremas bebe
04/06/2026 08:19:48 [DEBUG  ] Ultimos titulos guardados para anti-similitud: 4 titulos
04/06/2026 08:19:48 [DEBUG  ]   Categoria 'Camaras seguridad' con limite semanal: ultima publicacion hace 1 dias (03/06 03:58)
04/06/2026 08:19:48 [DEBUG  ]   Categoria 'Chupetes' con limite semanal: ultima publicacion hace 4 dias (30/05 13:26)
04/06/2026 08:19:48 [DEBUG  ]   Categoria 'Tronas' con limite semanal: ultima publicacion hace 4 dias (31/05 04:45)
04/06/2026 08:19:48 [DEBUG  ]   Categoria 'Vajilla bebe' con limite semanal: ultima publicacion hace 4 dias (30/05 15:05)
04/06/2026 08:19:48 [INFO   ] Anti-repeticion de categoria: se evitaran las ultimas 4 categorias [Toallitas, Biberones, Toallitas, Cremas bebe]
04/06/2026 08:19:48 [INFO   ] Anti-titulo-similar activo para categorias Chupetes, Juguetes (4 titulos recientes guardados)
04/06/2026 08:19:48 [INFO   ] 
04/06/2026 08:19:48 [INFO   ] --- Categoria: Panales ---
04/06/2026 08:19:51 [DEBUG  ] Starting new HTTPS connection (1): www.amazon.es:443
04/06/2026 08:19:51 [DEBUG  ] https://www.amazon.es:443 "GET /s?k=pa%C3%B1ales+bebe&rh=n%3A1703495031 HTTP/1.1" 200 None
04/06/2026 08:19:52 [DEBUG  ]   Badge no encontrado; usando descuento calculado 7% para ASIN B01MUX5MUY
04/06/2026 08:19:52 [DEBUG  ]   Badge no encontrado; usando descuento calculado 9% para ASIN B0G3RG1SMJ
04/06/2026 08:19:52 [DEBUG  ]   Badge no encontrado; usando descuento calculado 20% para ASIN B0FLX1DNKN
04/06/2026 08:19:52 [DEBUG  ]   Badge no encontrado; usando descuento calculado 26% para ASIN B0916SLRXT
04/06/2026 08:19:52 [INFO   ]   Scraped: 20 productos (4 con oferta, 16 sin descuento)
04/06/2026 08:19:52 [DEBUG  ]   Top candidatos antes de filtros anti-duplicacion:
04/06/2026 08:19:52 [DEBUG  ]     1. [B0916SLRXT] Chelino Nature Pañal Infantil Talla 3 (4-10 kg), 2 | 26% dto | 0 vals | 400 ventas
04/06/2026 08:19:52 [DEBUG  ]     2. [B0FLX1DNKN] Dodot Sensitive Kit Recién Nacido Pañales + toalli | 20% dto | 0 vals | 200 ventas [MARCA PRIO]
04/06/2026 08:19:52 [DEBUG  ]     3. [B0G3RG1SMJ] Dodot Sensitive Talla 3, 78 Pañales, 6kg-10kg, Has | 9% dto | 0 vals | 1 ventas [MARCA PRIO]
04/06/2026 08:19:52 [DEBUG  ]     4. [B01MUX5MUY] Chelino Pañal infantil Talla 3 (4-10kg), 36 Unidad | 7% dto | 0 vals | 900 ventas
04/06/2026 08:19:52 [INFO   ]   DESCARTADO [ya publicado en <48h] Chelino Nature Pañal Infantil Talla 3 (4-10 k... (26% dto, ASIN: B0916SLRXT)
04/06/2026 08:19:52 [INFO   ]   ELEGIDO para categoria: Dodot Sensitive Kit Recién Nacido Pañales + t... (20% dto, 0 valoraciones, ASIN: B0FLX1DNKN) [marca prioritaria]
04/06/2026 08:19:52 [INFO   ] 
04/06/2026 08:19:52 [INFO   ] --- Categoria: Toallitas ---
04/06/2026 08:19:56 [DEBUG  ] https://www.amazon.es:443 "GET /s?k=toallitas+bebe&rh=n%3A1703495031 HTTP/1.1" 200 None
04/06/2026 08:19:57 [DEBUG  ]   Badge no encontrado; usando descuento calculado 28% para ASIN B082N3CB8G
04/06/2026 08:19:57 [DEBUG  ]   Badge no encontrado; usando descuento calculado 9% para ASIN B01N5HZ0NQ
04/06/2026 08:19:57 [DEBUG  ]   Badge no encontrado; usando descuento calculado 13% para ASIN B0111AIZ68
04/06/2026 08:19:57 [DEBUG  ]   Badge no encontrado; usando descuento calculado 20% para ASIN B08MXSBRSB
04/06/2026 08:19:57 [DEBUG  ]   Badge no encontrado; usando descuento calculado 12% para ASIN B00WE5ZS2E
04/06/2026 08:19:57 [DEBUG  ]   Badge no encontrado; usando descuento calculado 21% para ASIN B08ZMYG9RC
04/06/2026 08:19:57 [DEBUG  ]   Badge no encontrado; usando descuento calculado 39% para ASIN B00J9FM3TI
04/06/2026 08:19:57 [DEBUG  ]   Badge no encontrado; usando descuento calculado 14% para ASIN B08MXT5VDK
04/06/2026 08:19:57 [INFO   ]   Scraped: 20 productos (8 con oferta, 12 sin descuento)
04/06/2026 08:19:57 [DEBUG  ]   Top candidatos antes de filtros anti-duplicacion:
04/06/2026 08:19:57 [DEBUG  ]     1. [B00J9FM3TI] Dodot Toallitas para Bebé Sensitive - Paquete de 4 | 39% dto | 0 vals | 0 ventas [MARCA PRIO]
04/06/2026 08:19:57 [DEBUG  ]     2. [B082N3CB8G] Dodot Toallitas Sensitive para Bebé, 15 Paquetes D | 28% dto | 0 vals | 0 ventas [MARCA PRIO]
04/06/2026 08:19:57 [DEBUG  ]     3. [B08ZMYG9RC] WaterWipes Sensitive+ Newborn & Baby Wipes, Toalli | 21% dto | 0 vals | 0 ventas [MARCA PRIO]
04/06/2026 08:19:57 [DEBUG  ]     4. [B08MXSBRSB] WaterWipes Sensitive+ Newborn & Baby Wipes, Toalli | 20% dto | 0 vals | 0 ventas [MARCA PRIO]
04/06/2026 08:19:57 [DEBUG  ]     5. [B08MXT5VDK] WaterWipes Sensitive+ Newborn & Baby Wipes, Toalli | 14% dto | 0 vals | 0 ventas [MARCA PRIO]
04/06/2026 08:19:57 [INFO   ]   DESCARTADO [ya publicado en <48h] Dodot Toallitas para Bebé Sensitive - Paquete... (39% dto, ASIN: B00J9FM3TI)
04/06/2026 08:19:57 [INFO   ]   DESCARTADO [ya publicado en <48h] Dodot Toallitas Sensitive para Bebé, 15 Paque... (28% dto, ASIN: B082N3CB8G)
04/06/2026 08:19:57 [INFO   ]   DESCARTADO [ya publicado en <48h] WaterWipes Sensitive+ Newborn & Baby Wipes, T... (21% dto, ASIN: B08ZMYG9RC)
04/06/2026 08:19:57 [INFO   ]   DESCARTADO [ya publicado en <48h] WaterWipes Sensitive+ Newborn & Baby Wipes, T... (20% dto, ASIN: B08MXSBRSB)
04/06/2026 08:19:57 [INFO   ]   ELEGIDO para categoria: WaterWipes Sensitive+ Newborn & Baby Wipes, T... (14% dto, 0 valoraciones, ASIN: B08MXT5VDK) [marca prioritaria]
04/06/2026 08:19:57 [INFO   ] 
04/06/2026 08:19:57 [INFO   ] --- Categoria: Cremas bebe ---
04/06/2026 08:19:59 [DEBUG  ] https://www.amazon.es:443 "GET /s?k=crema+bebe+culete HTTP/1.1" 200 None
04/06/2026 08:20:00 [DEBUG  ]   Badge no encontrado; usando descuento calculado 29% para ASIN B00BN8JUCC
04/06/2026 08:20:00 [DEBUG  ]   Badge no encontrado; usando descuento calculado 35% para ASIN B0B5RVR9BL
04/06/2026 08:20:00 [DEBUG  ]   Badge no encontrado; usando descuento calculado 33% para ASIN B005YNOXW4
04/06/2026 08:20:00 [DEBUG  ]   Badge no encontrado; usando descuento calculado 20% para ASIN B09ZFKTSK1
04/06/2026 08:20:00 [DEBUG  ]   Badge no encontrado; usando descuento calculado 13% para ASIN B009SM6M0I
04/06/2026 08:20:00 [DEBUG  ]   Badge no encontrado; usando descuento calculado 12% para ASIN B08PFNR7C6
04/06/2026 08:20:00 [DEBUG  ]   Badge no encontrado; usando descuento calculado 7% para ASIN B075HLK1LV
04/06/2026 08:20:00 [INFO   ]   Scraped: 20 productos (7 con oferta, 13 sin descuento)
04/06/2026 08:20:00 [DEBUG  ]   Top candidatos antes de filtros anti-duplicacion:
04/06/2026 08:20:00 [DEBUG  ]     1. [B0B5RVR9BL] Johnson's Baby Crema protectora para pañal (1x100  | 35% dto | 0 vals | 600 ventas
04/06/2026 08:20:00 [DEBUG  ]     2. [B005YNOXW4] BEPANTHOL POMADA PROTECTORA BEBÉ 100G | 33% dto | 0 vals | 0 ventas
04/06/2026 08:20:00 [DEBUG  ]     3. [B00BN8JUCC] Weleda - Crema Pañal de Caléndula, Calma y Protege | 29% dto | 0 vals | 3 ventas
04/06/2026 08:20:00 [DEBUG  ]     4. [B09ZFKTSK1] BEPANTHOL Pomada Protectora Culito Bebé Con Pro-Vi | 20% dto | 0 vals | 300 ventas
04/06/2026 08:20:00 [DEBUG  ]     5. [B009SM6M0I] Mitosyl - Crema de pañal protectora - Previene y t | 13% dto | 0 vals | 0 ventas
04/06/2026 08:20:00 [INFO   ]   ELEGIDO para categoria: Johnson's Baby Crema protectora para pañal (1... (35% dto, 0 valoraciones, ASIN: B0B5RVR9BL)
04/06/2026 08:20:00 [INFO   ] 
04/06/2026 08:20:00 [INFO   ] --- Categoria: Leche en polvo ---
04/06/2026 08:20:04 [DEBUG  ] https://www.amazon.es:443 "GET /s?k=leche+en+polvo+bebe HTTP/1.1" 200 None
04/06/2026 08:20:05 [INFO   ]   Scraped: 20 productos (0 con oferta, 20 sin descuento)
04/06/2026 08:20:05 [INFO   ]   No hay productos con descuento en esta categoria
04/06/2026 08:20:05 [INFO   ] 
04/06/2026 08:20:05 [INFO   ] --- Categoria: Chupetes ---
04/06/2026 08:20:05 [INFO   ]   SALTADA por limite semanal: ultima publicacion el 30/05 13:26 (hace 4 dias, faltan ~3 dias)
04/06/2026 08:20:05 [INFO   ] 
04/06/2026 08:20:05 [INFO   ] --- Categoria: Biberones ---
04/06/2026 08:20:08 [DEBUG  ] https://www.amazon.es:443 "GET /s?k=biberones+bebe&rh=n%3A1703495031 HTTP/1.1" 200 None
04/06/2026 08:20:09 [DEBUG  ]   Badge no encontrado; usando descuento calculado 19% para ASIN B0BWFNBJ7C
04/06/2026 08:20:09 [DEBUG  ]   Badge no encontrado; usando descuento calculado 17% para ASIN B0CLRRYGCW
04/06/2026 08:20:09 [DEBUG  ]   Badge no encontrado; usando descuento calculado 17% para ASIN B0CLRSBQ64
04/06/2026 08:20:09 [DEBUG  ]   Badge no encontrado; usando descuento calculado 25% para ASIN B0CPKV9MJF
04/06/2026 08:20:09 [DEBUG  ]   Badge no encontrado; usando descuento calculado 9% para ASIN B0BWFLPZ5G
04/06/2026 08:20:09 [DEBUG  ]   Badge no encontrado; usando descuento calculado 33% para ASIN B0BWFMQMV8
04/06/2026 08:20:09 [DEBUG  ]   Badge no encontrado; usando descuento calculado 9% para ASIN B0BWFM6PBN
04/06/2026 08:20:09 [DEBUG  ]   Badge no encontrado; usando descuento calculado 13% para ASIN B09KCQNCFW
04/06/2026 08:20:09 [DEBUG  ]   Badge no encontrado; usando descuento calculado 30% para ASIN B0CYM1KYW6
04/06/2026 08:20:09 [DEBUG  ]   Badge no encontrado; usando descuento calculado 13% para ASIN B0CLRSLDL1
04/06/2026 08:20:09 [DEBUG  ]   Badge no encontrado; usando descuento calculado 20% para ASIN B0DBV82D7R
04/06/2026 08:20:09 [DEBUG  ]   Badge no encontrado; usando descuento calculado 10% para ASIN B0BWFMGL3K
04/06/2026 08:20:09 [INFO   ]   Scraped: 20 productos (10 con oferta, 10 sin descuento)
04/06/2026 08:20:09 [DEBUG  ]   Top candidatos antes de filtros anti-duplicacion:
04/06/2026 08:20:09 [DEBUG  ]     1. [B0CYM1KYW6] Tommee Tippee Biberones, set Natural Start recién  | 30% dto | 0 vals | 0 ventas
04/06/2026 08:20:09 [DEBUG  ]     2. [B0CPKV9MJF] Suavinex, Biberón Anticólico + Chupete Zero Zero.  | 25% dto | 0 vals | 100 ventas [MARCA PRIO]
04/06/2026 08:20:09 [DEBUG  ]     3. [B0DBV82D7R] Bebeconfort Physio Air Kit Completo Biberones, Ese | 20% dto | 0 vals | 0 ventas
04/06/2026 08:20:09 [DEBUG  ]     4. [B0BWFNBJ7C] Philips Avent Biberón Natural Response: 3 biberone | 19% dto | 0 vals | 700 ventas
04/06/2026 08:20:09 [DEBUG  ]     5. [B0CLRRYGCW] NUK Perfect Match Start Set de Biberones para Reci | 17% dto | 0 vals | 100 ventas
04/06/2026 08:20:09 [INFO   ]   DESCARTADO [ya publicado en <48h] Tommee Tippee Biberones, set Natural Start re... (30% dto, ASIN: B0CYM1KYW6)
04/06/2026 08:20:09 [INFO   ]   ELEGIDO para categoria: Suavinex, Biberón Anticólico + Chupete Zero Z... (25% dto, 0 valoraciones, ASIN: B0CPKV9MJF) [marca prioritaria]
04/06/2026 08:20:09 [INFO   ] 
04/06/2026 08:20:09 [INFO   ] --- Categoria: Juguetes ---
04/06/2026 08:20:13 [DEBUG  ] https://www.amazon.es:443 "GET /s?k=juguetes+bebe&rh=n%3A1703495031 HTTP/1.1" 200 None
04/06/2026 08:20:13 [DEBUG  ]   Badge no encontrado; usando descuento calculado 12% para ASIN B07N1JP56L
04/06/2026 08:20:13 [DEBUG  ]   Badge no encontrado; usando descuento calculado 11% para ASIN B09F3KH6MK
04/06/2026 08:20:14 [DEBUG  ]   Badge no encontrado; usando descuento calculado 12% para ASIN B0D7PY72XZ
04/06/2026 08:20:14 [INFO   ]   Scraped: 20 productos (3 con oferta, 17 sin descuento)
04/06/2026 08:20:14 [DEBUG  ]   Top candidatos antes de filtros anti-duplicacion:
04/06/2026 08:20:14 [DEBUG  ]     1. [B07N1JP56L] Fisher-Price Nutria Hora de Dormir - Peluche Music | 12% dto | 0 vals | 800 ventas
04/06/2026 08:20:14 [DEBUG  ]     2. [B0D7PY72XZ] Fisher-Price Capibara Abracitos y jueguecitos Jugu | 12% dto | 0 vals | 0 ventas
04/06/2026 08:20:14 [DEBUG  ]     3. [B09F3KH6MK] Fehn pulpo de actividades - juguete para desarroll | 11% dto | 0 vals | 100 ventas
04/06/2026 08:20:14 [INFO   ]   ELEGIDO para categoria: Fisher-Price Nutria Hora de Dormir - Peluche ... (12% dto, 0 valoraciones, ASIN: B07N1JP56L)
04/06/2026 08:20:14 [INFO   ] 
04/06/2026 08:20:14 [INFO   ] --- Categoria: Baneras ---
04/06/2026 08:20:18 [DEBUG  ] https://www.amazon.es:443 "GET /s?k=ba%C3%B1era+bebe&rh=n%3A1703495031 HTTP/1.1" 200 None
04/06/2026 08:20:18 [DEBUG  ]   Badge no encontrado; usando descuento calculado 7% para ASIN B0G62LCGBG
04/06/2026 08:20:18 [DEBUG  ]   Badge no encontrado; usando descuento calculado 61% para ASIN B07QN7641V
04/06/2026 08:20:18 [INFO   ]   Scraped: 20 productos (2 con oferta, 18 sin descuento)
04/06/2026 08:20:18 [DEBUG  ]   Top candidatos antes de filtros anti-duplicacion:
04/06/2026 08:20:18 [DEBUG  ]     1. [B07QN7641V] Thermobaby - Asientos, niñas (3023191953310) | 61% dto | 0 vals | 0 ventas
04/06/2026 08:20:18 [DEBUG  ]     2. [B0G62LCGBG] Interbaby Bañera Cambiador Bebé Plegable con Patas | 7% dto | 0 vals | 0 ventas
04/06/2026 08:20:18 [INFO   ]   ELEGIDO para categoria: Thermobaby - Asientos, niñas (3023191953310)... (61% dto, 0 valoraciones, ASIN: B07QN7641V)
04/06/2026 08:20:18 [INFO   ] 
04/06/2026 08:20:18 [INFO   ] --- Categoria: Camaras seguridad ---
04/06/2026 08:20:18 [INFO   ]   SALTADA por limite semanal: ultima publicacion el 03/06 03:58 (hace 1 dias, faltan ~6 dias)
04/06/2026 08:20:18 [INFO   ] 
04/06/2026 08:20:18 [INFO   ] --- Categoria: Alimentacion ---
04/06/2026 08:20:22 [DEBUG  ] https://www.amazon.es:443 "GET /s?k=potitos+bebe+papilla HTTP/1.1" 200 None
04/06/2026 08:20:23 [INFO   ]   Scraped: 20 productos (0 con oferta, 20 sin descuento)
04/06/2026 08:20:23 [INFO   ]   No hay productos con descuento en esta categoria
04/06/2026 08:20:23 [INFO   ] 
04/06/2026 08:20:23 [INFO   ] --- Categoria: Tronas ---
04/06/2026 08:20:23 [INFO   ]   SALTADA por limite semanal: ultima publicacion el 31/05 04:45 (hace 4 dias, faltan ~3 dias)
04/06/2026 08:20:23 [INFO   ] 
04/06/2026 08:20:23 [INFO   ] --- Categoria: Vajilla bebe ---
04/06/2026 08:20:23 [INFO   ]   SALTADA por limite semanal: ultima publicacion el 30/05 15:05 (hace 4 dias, faltan ~3 dias)
04/06/2026 08:20:23 [INFO   ] 
04/06/2026 08:20:23 [INFO   ] --- Seleccion global (ranking de mejores por categoria) ---
04/06/2026 08:20:23 [INFO   ]   1. [B07QN7641V] Thermobaby - Asientos, niñas (3023191953... | 61% dto | cat: Baneras
04/06/2026 08:20:23 [INFO   ]   2. [B0B5RVR9BL] Johnson's Baby Crema protectora para pañ... | 35% dto | cat: Cremas bebe [cat. reciente]
04/06/2026 08:20:23 [INFO   ]   3. [B0CPKV9MJF] Suavinex, Biberón Anticólico + Chupete Z... | 25% dto | cat: Biberones [marca prio] [cat. reciente]
04/06/2026 08:20:23 [INFO   ]   4. [B0FLX1DNKN] Dodot Sensitive Kit Recién Nacido Pañale... | 20% dto | cat: Panales [marca prio]
04/06/2026 08:20:23 [INFO   ]   5. [B08MXT5VDK] WaterWipes Sensitive+ Newborn & Baby Wip... | 14% dto | cat: Toallitas [marca prio] [cat. reciente]
04/06/2026 08:20:23 [INFO   ]   6. [B07N1JP56L] Fisher-Price Nutria Hora de Dormir - Pel... | 12% dto | cat: Juguetes
04/06/2026 08:20:23 [INFO   ] 
04/06/2026 08:20:23 [INFO   ] >>> OFERTA SELECCIONADA PARA PUBLICAR:
04/06/2026 08:20:23 [INFO   ]     Titulo:    Thermobaby - Asientos, niñas (3023191953310)
04/06/2026 08:20:23 [INFO   ]     Categoria: Baneras | Descuento: 61%
04/06/2026 08:20:23 [INFO   ]     Precio:    13,18 € (antes: 33,63 €)
04/06/2026 08:20:23 [INFO   ]     ASIN:      B07QN7641V | Valoraciones: 0 | Ventas: 0
04/06/2026 08:20:23 [INFO   ]     URL:       https://www.amazon.es/dp/B07QN7641V?tag=juegosenoferta-21
04/06/2026 08:20:23 [DEBUG  ]     Enviando con foto: https://m.media-amazon.com/images/I/61KDnTKz8mL._AC_UL320_.jpg
04/06/2026 08:20:23 [DEBUG  ] Starting new HTTPS connection (1): api.telegram.org:443
04/06/2026 08:20:23 [DEBUG  ] https://api.telegram.org:443 "POST /bot8309205336:AAFhfeYUrhteimgv7GMHpxwEDKwl3zmGnuU/sendPhoto HTTP/1.1" 200 1296
04/06/2026 08:20:23 [INFO   ] Mensaje enviado a Telegram correctamente (con foto)
04/06/2026 08:20:23 [DEBUG  ] Historial de categorias actualizado: Baneras, Toallitas, Biberones, Toallitas
04/06/2026 08:20:23 [INFO   ] 
04/06/2026 08:20:23 [INFO   ] ============================================================
04/06/2026 08:20:23 [INFO   ] FIN - 1 oferta publicada en Telegram
04/06/2026 08:20:23 [INFO   ] ============================================================
04/06/2026 11:51:49 [INFO   ] ============================================================
04/06/2026 11:51:49 [INFO   ] INICIO - BUSCADOR DE OFERTAS DE BEBE | Amazon.es -> Telegram
04/06/2026 11:51:49 [INFO   ] Tag de afiliado: juegosenoferta-21 | Hora: 04/06/2026 11:51
04/06/2026 11:51:49 [INFO   ] ============================================================
04/06/2026 11:51:49 [INFO   ] Historial cargado: 10 ASINs en ventana de 48h (ignorados 1 expirados)
04/06/2026 11:51:49 [INFO   ] Ultimas categorias publicadas (anti-repeticion): Baneras, Toallitas, Biberones, Toallitas
04/06/2026 11:51:49 [DEBUG  ] Ultimos titulos guardados para anti-similitud: 4 titulos
04/06/2026 11:51:49 [DEBUG  ]   Categoria 'Camaras seguridad' con limite semanal: ultima publicacion hace 1 dias (03/06 03:58)
04/06/2026 11:51:49 [DEBUG  ]   Categoria 'Chupetes' con limite semanal: ultima publicacion hace 4 dias (30/05 13:26)
04/06/2026 11:51:49 [DEBUG  ]   Categoria 'Tronas' con limite semanal: ultima publicacion hace 4 dias (31/05 04:45)
04/06/2026 11:51:49 [DEBUG  ]   Categoria 'Vajilla bebe' con limite semanal: ultima publicacion hace 4 dias (30/05 15:05)
04/06/2026 11:51:49 [INFO   ] Anti-repeticion de categoria: se evitaran las ultimas 4 categorias [Baneras, Toallitas, Biberones, Toallitas]
04/06/2026 11:51:49 [INFO   ] Anti-titulo-similar activo para categorias Chupetes, Juguetes (4 titulos recientes guardados)
04/06/2026 11:51:49 [INFO   ] 
04/06/2026 11:51:49 [INFO   ] --- Categoria: Panales ---
04/06/2026 11:51:52 [DEBUG  ] Starting new HTTPS connection (1): www.amazon.es:443
04/06/2026 11:51:53 [DEBUG  ] https://www.amazon.es:443 "GET /s?k=pa%C3%B1ales+bebe&rh=n%3A1703495031 HTTP/1.1" 200 None
04/06/2026 11:51:54 [DEBUG  ]   Badge no encontrado; usando descuento calculado 7% para ASIN B01MUX5MUY
04/06/2026 11:51:54 [DEBUG  ]   Badge no encontrado; usando descuento calculado 20% para ASIN B0FLX1DNKN
04/06/2026 11:51:54 [DEBUG  ]   Badge no encontrado; usando descuento calculado 9% para ASIN B0G3RG1SMJ
04/06/2026 11:51:54 [DEBUG  ]   Badge no encontrado; usando descuento calculado 26% para ASIN B0916SLRXT
04/06/2026 11:51:54 [DEBUG  ]   Badge no encontrado; usando descuento calculado 17% para ASIN B08CYCWD7R
04/06/2026 11:51:54 [DEBUG  ]   Badge no encontrado; usando descuento calculado 17% para ASIN B004XYLH5Q
04/06/2026 11:51:54 [INFO   ]   Scraped: 20 productos (6 con oferta, 14 sin descuento)
04/06/2026 11:51:54 [DEBUG  ]   Top candidatos antes de filtros anti-duplicacion:
04/06/2026 11:51:54 [DEBUG  ]     1. [B0916SLRXT] Chelino Nature Pañal Infantil Talla 3 (4-10 kg), 2 | 26% dto | 0 vals | 400 ventas
04/06/2026 11:51:54 [DEBUG  ]     2. [B0FLX1DNKN] Dodot Sensitive Kit Recién Nacido Pañales + toalli | 20% dto | 0 vals | 200 ventas [MARCA PRIO]
04/06/2026 11:51:54 [DEBUG  ]     3. [B08CYCWD7R] Huggies Extra Care Pañales para Recién Nacido con  | 17% dto | 0 vals | 200 ventas
04/06/2026 11:51:54 [DEBUG  ]     4. [B004XYLH5Q] Huggies Little Swimmers Pañales Bañadores para Beb | 17% dto | 0 vals | 600 ventas
04/06/2026 11:51:54 [DEBUG  ]     5. [B0G3RG1SMJ] Dodot Sensitive Talla 3, 78 Pañales, 6kg-10kg, Has | 9% dto | 0 vals | 1 ventas [MARCA PRIO]
04/06/2026 11:51:54 [INFO   ]   ELEGIDO para categoria: Chelino Nature Pañal Infantil Talla 3 (4-10 k... (26% dto, 0 valoraciones, ASIN: B0916SLRXT)
04/06/2026 11:51:54 [INFO   ] 
04/06/2026 11:51:54 [INFO   ] --- Categoria: Toallitas ---
04/06/2026 11:51:58 [DEBUG  ] https://www.amazon.es:443 "GET /s?k=toallitas+bebe&rh=n%3A1703495031 HTTP/1.1" 200 None
04/06/2026 11:51:59 [DEBUG  ]   Badge no encontrado; usando descuento calculado 28% para ASIN B082N3CB8G
04/06/2026 11:51:59 [DEBUG  ]   Badge no encontrado; usando descuento calculado 9% para ASIN B01N5HZ0NQ
04/06/2026 11:51:59 [DEBUG  ]   Badge no encontrado; usando descuento calculado 20% para ASIN B08MXSBRSB
04/06/2026 11:51:59 [DEBUG  ]   Badge no encontrado; usando descuento calculado 12% para ASIN B00WE5ZS2E
04/06/2026 11:51:59 [DEBUG  ]   Badge no encontrado; usando descuento calculado 39% para ASIN B00J9FM3TI
04/06/2026 11:51:59 [DEBUG  ]   Badge no encontrado; usando descuento calculado 13% para ASIN B0111AIZ68
04/06/2026 11:51:59 [DEBUG  ]   Badge no encontrado; usando descuento calculado 14% para ASIN B08MXT5VDK
04/06/2026 11:51:59 [DEBUG  ]   Badge no encontrado; usando descuento calculado 16% para ASIN B08MXVJTC8
04/06/2026 11:51:59 [INFO   ]   Scraped: 20 productos (8 con oferta, 12 sin descuento)
04/06/2026 11:51:59 [DEBUG  ]   Top candidatos antes de filtros anti-duplicacion:
04/06/2026 11:51:59 [DEBUG  ]     1. [B00J9FM3TI] Dodot Toallitas para Bebé Sensitive - Paquete de 4 | 39% dto | 0 vals | 0 ventas [MARCA PRIO]
04/06/2026 11:51:59 [DEBUG  ]     2. [B082N3CB8G] Dodot Toallitas Sensitive para Bebé, 15 Paquetes D | 28% dto | 0 vals | 0 ventas [MARCA PRIO]
04/06/2026 11:51:59 [DEBUG  ]     3. [B08MXSBRSB] WaterWipes Sensitive+ Newborn & Baby Wipes, Toalli | 20% dto | 0 vals | 0 ventas [MARCA PRIO]
04/06/2026 11:51:59 [DEBUG  ]     4. [B08MXVJTC8] WaterWipes Sensitive+ Newborn & Baby Wipes, Toalli | 16% dto | 0 vals | 0 ventas [MARCA PRIO]
04/06/2026 11:51:59 [DEBUG  ]     5. [B08MXT5VDK] WaterWipes Sensitive+ Newborn & Baby Wipes, Toalli | 14% dto | 0 vals | 0 ventas [MARCA PRIO]
04/06/2026 11:51:59 [INFO   ]   DESCARTADO [ya publicado en <48h] Dodot Toallitas para Bebé Sensitive - Paquete... (39% dto, ASIN: B00J9FM3TI)
04/06/2026 11:51:59 [INFO   ]   DESCARTADO [ya publicado en <48h] Dodot Toallitas Sensitive para Bebé, 15 Paque... (28% dto, ASIN: B082N3CB8G)
04/06/2026 11:51:59 [INFO   ]   DESCARTADO [ya publicado en <48h] WaterWipes Sensitive+ Newborn & Baby Wipes, T... (20% dto, ASIN: B08MXSBRSB)
04/06/2026 11:51:59 [INFO   ]   ELEGIDO para categoria: WaterWipes Sensitive+ Newborn & Baby Wipes, T... (16% dto, 0 valoraciones, ASIN: B08MXVJTC8) [marca prioritaria]
04/06/2026 11:51:59 [INFO   ] 
04/06/2026 11:51:59 [INFO   ] --- Categoria: Cremas bebe ---
04/06/2026 11:52:02 [DEBUG  ] https://www.amazon.es:443 "GET /s?k=crema+bebe+culete HTTP/1.1" 200 None
04/06/2026 11:52:03 [DEBUG  ]   Badge no encontrado; usando descuento calculado 29% para ASIN B00BN8JUCC
04/06/2026 11:52:03 [DEBUG  ]   Badge no encontrado; usando descuento calculado 33% para ASIN B005YNOXW4
04/06/2026 11:52:03 [DEBUG  ]   Badge no encontrado; usando descuento calculado 20% para ASIN B09ZFKTSK1
04/06/2026 11:52:03 [DEBUG  ]   Badge no encontrado; usando descuento calculado 35% para ASIN B0B5RVR9BL
04/06/2026 11:52:03 [DEBUG  ]   Badge no encontrado; usando descuento calculado 13% para ASIN B009SM6M0I
04/06/2026 11:52:03 [DEBUG  ]   Badge no encontrado; usando descuento calculado 29% para ASIN B0CJ2CQBG8
04/06/2026 11:52:03 [DEBUG  ]   Badge no encontrado; usando descuento calculado 12% para ASIN B08PFNR7C6
04/06/2026 11:52:03 [DEBUG  ]   Badge no encontrado; usando descuento calculado 7% para ASIN B075HLK1LV
04/06/2026 11:52:03 [INFO   ]   Scraped: 20 productos (8 con oferta, 12 sin descuento)
04/06/2026 11:52:03 [DEBUG  ]   Top candidatos antes de filtros anti-duplicacion:
04/06/2026 11:52:03 [DEBUG  ]     1. [B0B5RVR9BL] Johnson's Baby Crema protectora para pañal (1x100  | 35% dto | 0 vals | 600 ventas
04/06/2026 11:52:03 [DEBUG  ]     2. [B005YNOXW4] BEPANTHOL POMADA PROTECTORA BEBÉ 100G | 33% dto | 0 vals | 0 ventas
04/06/2026 11:52:03 [DEBUG  ]     3. [B0CJ2CQBG8] Weleda Crema Pañal de Caléndula (1x 75 ml) (9831EN | 29% dto | 0 vals | 0 ventas
04/06/2026 11:52:03 [DEBUG  ]     4. [B00BN8JUCC] Weleda - Crema Pañal de Caléndula, Calma y Protege | 29% dto | 0 vals | 3 ventas
04/06/2026 11:52:03 [DEBUG  ]     5. [B09ZFKTSK1] BEPANTHOL Pomada Protectora Culito Bebé Con Pro-Vi | 20% dto | 0 vals | 300 ventas
04/06/2026 11:52:03 [INFO   ]   ELEGIDO para categoria: Johnson's Baby Crema protectora para pañal (1... (35% dto, 0 valoraciones, ASIN: B0B5RVR9BL)
04/06/2026 11:52:03 [INFO   ] 
04/06/2026 11:52:03 [INFO   ] --- Categoria: Leche en polvo ---
04/06/2026 11:52:06 [DEBUG  ] https://www.amazon.es:443 "GET /s?k=leche+en+polvo+bebe HTTP/1.1" 200 None
04/06/2026 11:52:07 [INFO   ]   Scraped: 20 productos (0 con oferta, 20 sin descuento)
04/06/2026 11:52:07 [INFO   ]   No hay productos con descuento en esta categoria
04/06/2026 11:52:07 [INFO   ] 
04/06/2026 11:52:07 [INFO   ] --- Categoria: Chupetes ---
04/06/2026 11:52:07 [INFO   ]   SALTADA por limite semanal: ultima publicacion el 30/05 13:26 (hace 4 dias, faltan ~3 dias)
04/06/2026 11:52:07 [INFO   ] 
04/06/2026 11:52:07 [INFO   ] --- Categoria: Biberones ---
04/06/2026 11:52:10 [DEBUG  ] https://www.amazon.es:443 "GET /s?k=biberones+bebe&rh=n%3A1703495031 HTTP/1.1" 200 None
04/06/2026 11:52:11 [DEBUG  ]   Badge no encontrado; usando descuento calculado 17% para ASIN B0CLRRYGCW
04/06/2026 11:52:11 [DEBUG  ]   Badge no encontrado; usando descuento calculado 17% para ASIN B0CLRSBQ64
04/06/2026 11:52:11 [DEBUG  ]   Badge no encontrado; usando descuento calculado 19% para ASIN B0BWFNBJ7C
04/06/2026 11:52:11 [DEBUG  ]   Badge no encontrado; usando descuento calculado 33% para ASIN B0BWFMQMV8
04/06/2026 11:52:11 [DEBUG  ]   Badge no encontrado; usando descuento calculado 25% para ASIN B0CPKV9MJF
04/06/2026 11:52:11 [DEBUG  ]   Badge no encontrado; usando descuento calculado 9% para ASIN B0BWFLPZ5G
04/06/2026 11:52:11 [DEBUG  ]   Badge no encontrado; usando descuento calculado 30% para ASIN B0CYM1KYW6
04/06/2026 11:52:11 [DEBUG  ]   Badge no encontrado; usando descuento calculado 36% para ASIN B00336KYAO
04/06/2026 11:52:11 [DEBUG  ]   Badge no encontrado; usando descuento calculado 13% para ASIN B09KCQNCFW
04/06/2026 11:52:11 [DEBUG  ]   Badge no encontrado; usando descuento calculado 9% para ASIN B0BWFM6PBN
04/06/2026 11:52:11 [DEBUG  ]   Badge no encontrado; usando descuento calculado 50% para ASIN B09RPYKTZV
04/06/2026 11:52:11 [DEBUG  ]   Badge no encontrado; usando descuento calculado 13% para ASIN B0CLRSLDL1
04/06/2026 11:52:11 [DEBUG  ]   Badge no encontrado; usando descuento calculado 20% para ASIN B0DBV82D7R
04/06/2026 11:52:11 [INFO   ]   Scraped: 20 productos (11 con oferta, 9 sin descuento)
04/06/2026 11:52:11 [DEBUG  ]   Top candidatos antes de filtros anti-duplicacion:
04/06/2026 11:52:11 [DEBUG  ]     1. [B09RPYKTZV] Chicco NaturalFeeling Biberón Anticólicos 2+ Meses | 50% dto | 0 vals | 50 ventas
04/06/2026 11:52:11 [DEBUG  ]     2. [B00336KYAO] Tommee Tippee Biberones, biberón anticólicos Natur | 36% dto | 0 vals | 100 ventas
04/06/2026 11:52:11 [DEBUG  ]     3. [B0CYM1KYW6] Tommee Tippee Biberones, set Natural Start recién  | 30% dto | 0 vals | 0 ventas
04/06/2026 11:52:11 [DEBUG  ]     4. [B0CPKV9MJF] Suavinex, Biberón Anticólico + Chupete Zero Zero.  | 25% dto | 0 vals | 100 ventas [MARCA PRIO]
04/06/2026 11:52:11 [DEBUG  ]     5. [B0DBV82D7R] Bebeconfort Physio Air Kit Completo Biberones, Ese | 20% dto | 0 vals | 0 ventas
04/06/2026 11:52:11 [INFO   ]   ELEGIDO para categoria: Chicco NaturalFeeling Biberón Anticólicos 2+ ... (50% dto, 0 valoraciones, ASIN: B09RPYKTZV)
04/06/2026 11:52:11 [INFO   ] 
04/06/2026 11:52:11 [INFO   ] --- Categoria: Juguetes ---
04/06/2026 11:52:15 [DEBUG  ] https://www.amazon.es:443 "GET /s?k=juguetes+bebe&rh=n%3A1703495031 HTTP/1.1" 200 None
04/06/2026 11:52:16 [DEBUG  ]   Badge no encontrado; usando descuento calculado 12% para ASIN B07N1JP56L
04/06/2026 11:52:16 [DEBUG  ]   Badge no encontrado; usando descuento calculado 11% para ASIN B09F3KH6MK
04/06/2026 11:52:16 [DEBUG  ]   Badge no encontrado; usando descuento calculado 16% para ASIN B0B7XQL6V8
04/06/2026 11:52:16 [DEBUG  ]   Badge no encontrado; usando descuento calculado 6% para ASIN B0DZXXLDWN
04/06/2026 11:52:16 [INFO   ]   Scraped: 20 productos (4 con oferta, 16 sin descuento)
04/06/2026 11:52:16 [DEBUG  ]   Top candidatos antes de filtros anti-duplicacion:
04/06/2026 11:52:16 [DEBUG  ]     1. [B0B7XQL6V8] Fisher-Price Maracas Divertidas, 2 sonajeros con e | 16% dto | 0 vals | 0 ventas
04/06/2026 11:52:16 [DEBUG  ]     2. [B07N1JP56L] Fisher-Price Nutria Hora de Dormir - Peluche Music | 12% dto | 0 vals | 800 ventas
04/06/2026 11:52:16 [DEBUG  ]     3. [B09F3KH6MK] Fehn pulpo de actividades - juguete para desarroll | 11% dto | 0 vals | 100 ventas
04/06/2026 11:52:16 [DEBUG  ]     4. [B0DZXXLDWN] Mobiclinic®, Andador para Bebés, Con Música y Luce | 6% dto | 0 vals | 100 ventas
04/06/2026 11:52:16 [INFO   ]   ELEGIDO para categoria: Fisher-Price Maracas Divertidas, 2 sonajeros ... (16% dto, 0 valoraciones, ASIN: B0B7XQL6V8)
04/06/2026 11:52:16 [INFO   ] 
04/06/2026 11:52:16 [INFO   ] --- Categoria: Baneras ---
04/06/2026 11:52:19 [DEBUG  ] https://www.amazon.es:443 "GET /s?k=ba%C3%B1era+bebe&rh=n%3A1703495031 HTTP/1.1" 200 None
04/06/2026 11:52:19 [DEBUG  ]   Badge no encontrado; usando descuento calculado 7% para ASIN B0G62LCGBG
04/06/2026 11:52:19 [INFO   ]   Scraped: 20 productos (1 con oferta, 19 sin descuento)
04/06/2026 11:52:19 [DEBUG  ]   Top candidatos antes de filtros anti-duplicacion:
04/06/2026 11:52:19 [DEBUG  ]     1. [B0G62LCGBG] Interbaby Bañera Cambiador Bebé Plegable con Patas | 7% dto | 0 vals | 0 ventas
04/06/2026 11:52:19 [INFO   ]   ELEGIDO para categoria: Interbaby Bañera Cambiador Bebé Plegable con ... (7% dto, 0 valoraciones, ASIN: B0G62LCGBG)
04/06/2026 11:52:19 [INFO   ] 
04/06/2026 11:52:19 [INFO   ] --- Categoria: Camaras seguridad ---
04/06/2026 11:52:19 [INFO   ]   SALTADA por limite semanal: ultima publicacion el 03/06 03:58 (hace 1 dias, faltan ~6 dias)
04/06/2026 11:52:19 [INFO   ] 
04/06/2026 11:52:19 [INFO   ] --- Categoria: Alimentacion ---
04/06/2026 11:52:23 [DEBUG  ] https://www.amazon.es:443 "GET /s?k=potitos+bebe+papilla HTTP/1.1" 200 None
04/06/2026 11:52:24 [INFO   ]   Scraped: 20 productos (0 con oferta, 20 sin descuento)
04/06/2026 11:52:24 [INFO   ]   No hay productos con descuento en esta categoria
04/06/2026 11:52:24 [INFO   ] 
04/06/2026 11:52:24 [INFO   ] --- Categoria: Tronas ---
04/06/2026 11:52:24 [INFO   ]   SALTADA por limite semanal: ultima publicacion el 31/05 04:45 (hace 4 dias, faltan ~3 dias)
04/06/2026 11:52:24 [INFO   ] 
04/06/2026 11:52:24 [INFO   ] --- Categoria: Vajilla bebe ---
04/06/2026 11:52:24 [INFO   ]   SALTADA por limite semanal: ultima publicacion el 30/05 15:05 (hace 4 dias, faltan ~3 dias)
04/06/2026 11:52:24 [INFO   ] 
04/06/2026 11:52:24 [INFO   ] --- Seleccion global (ranking de mejores por categoria) ---
04/06/2026 11:52:24 [INFO   ]   1. [B09RPYKTZV] Chicco NaturalFeeling Biberón Anticólico... | 50% dto | cat: Biberones [cat. reciente]
04/06/2026 11:52:24 [INFO   ]   2. [B0B5RVR9BL] Johnson's Baby Crema protectora para pañ... | 35% dto | cat: Cremas bebe
04/06/2026 11:52:24 [INFO   ]   3. [B0916SLRXT] Chelino Nature Pañal Infantil Talla 3 (4... | 26% dto | cat: Panales
04/06/2026 11:52:24 [INFO   ]   4. [B08MXVJTC8] WaterWipes Sensitive+ Newborn & Baby Wip... | 16% dto | cat: Toallitas [marca prio] [cat. reciente]
04/06/2026 11:52:24 [INFO   ]   5. [B0B7XQL6V8] Fisher-Price Maracas Divertidas, 2 sonaj... | 16% dto | cat: Juguetes
04/06/2026 11:52:24 [INFO   ]   6. [B0G62LCGBG] Interbaby Bañera Cambiador Bebé Plegable... | 7% dto | cat: Baneras [cat. reciente]
04/06/2026 11:52:24 [INFO   ] Anti-repeticion: la #1 global (Chicco NaturalFeeling Biberón Antic) fue descartada porque su categoria 'Biberones' aparece en las recientes [Baneras, Toallitas, Biberones, Toallitas]. Se elige la siguiente valida.
04/06/2026 11:52:24 [INFO   ] 
04/06/2026 11:52:24 [INFO   ] >>> OFERTA SELECCIONADA PARA PUBLICAR:
04/06/2026 11:52:24 [INFO   ]     Titulo:    Johnson's Baby Crema protectora para pañal (1x100 ml), crema hidratante bebé que repara, refuerza y ...
04/06/2026 11:52:24 [INFO   ]     Categoria: Cremas bebe | Descuento: 35%
04/06/2026 11:52:24 [INFO   ]     Precio:    2,46 € (antes: 3,76 €)
04/06/2026 11:52:24 [INFO   ]     ASIN:      B0B5RVR9BL | Valoraciones: 0 | Ventas: 600
04/06/2026 11:52:24 [INFO   ]     URL:       https://www.amazon.es/dp/B0B5RVR9BL?tag=juegosenoferta-21
04/06/2026 11:52:24 [DEBUG  ]     Enviando con foto: https://m.media-amazon.com/images/I/61mMOp+c81L._AC_UL320_.jpg
04/06/2026 11:52:24 [DEBUG  ] Starting new HTTPS connection (1): api.telegram.org:443
04/06/2026 11:52:25 [DEBUG  ] https://api.telegram.org:443 "POST /bot8309205336:AAFhfeYUrhteimgv7GMHpxwEDKwl3zmGnuU/sendPhoto HTTP/1.1" 200 1236
04/06/2026 11:52:25 [INFO   ] Mensaje enviado a Telegram correctamente (con foto)
04/06/2026 11:52:25 [DEBUG  ] Historial de categorias actualizado: Cremas bebe, Baneras, Toallitas, Biberones
04/06/2026 11:52:25 [INFO   ] 
04/06/2026 11:52:25 [INFO   ] ============================================================
04/06/2026 11:52:25 [INFO   ] FIN - 1 oferta publicada en Telegram
04/06/2026 11:52:25 [INFO   ] ============================================================
04/06/2026 14:57:05 [INFO   ] ============================================================
04/06/2026 14:57:05 [INFO   ] INICIO - BUSCADOR DE OFERTAS DE BEBE | Amazon.es -> Telegram
04/06/2026 14:57:05 [INFO   ] Tag de afiliado: juegosenoferta-21 | Hora: 04/06/2026 14:57
04/06/2026 14:57:05 [INFO   ] ============================================================
04/06/2026 14:57:05 [INFO   ] Historial cargado: 10 ASINs en ventana de 48h (ignorados 1 expirados)
04/06/2026 14:57:05 [INFO   ] Ultimas categorias publicadas (anti-repeticion): Cremas bebe, Baneras, Toallitas, Biberones
04/06/2026 14:57:05 [DEBUG  ] Ultimos titulos guardados para anti-similitud: 4 titulos
04/06/2026 14:57:05 [DEBUG  ]   Categoria 'Camaras seguridad' con limite semanal: ultima publicacion hace 1 dias (03/06 03:58)
04/06/2026 14:57:05 [DEBUG  ]   Categoria 'Chupetes' con limite semanal: ultima publicacion hace 5 dias (30/05 13:26)
04/06/2026 14:57:05 [DEBUG  ]   Categoria 'Tronas' con limite semanal: ultima publicacion hace 4 dias (31/05 04:45)
04/06/2026 14:57:05 [DEBUG  ]   Categoria 'Vajilla bebe' con limite semanal: ultima publicacion hace 4 dias (30/05 15:05)
04/06/2026 14:57:05 [INFO   ] Anti-repeticion de categoria: se evitaran las ultimas 4 categorias [Cremas bebe, Baneras, Toallitas, Biberones]
04/06/2026 14:57:05 [INFO   ] Anti-titulo-similar activo para categorias Chupetes, Juguetes (4 titulos recientes guardados)
04/06/2026 14:57:05 [INFO   ] 
04/06/2026 14:57:05 [INFO   ] --- Categoria: Panales ---
04/06/2026 14:57:07 [DEBUG  ] Starting new HTTPS connection (1): www.amazon.es:443
04/06/2026 14:57:08 [DEBUG  ] https://www.amazon.es:443 "GET /s?k=pa%C3%B1ales+bebe&rh=n%3A1703495031 HTTP/1.1" 200 None
04/06/2026 14:57:09 [DEBUG  ]   Badge no encontrado; usando descuento calculado 7% para ASIN B01MUX5MUY
04/06/2026 14:57:09 [DEBUG  ]   Badge no encontrado; usando descuento calculado 20% para ASIN B0FLX1DNKN
04/06/2026 14:57:09 [DEBUG  ]   Badge no encontrado; usando descuento calculado 26% para ASIN B0916SLRXT
04/06/2026 14:57:09 [DEBUG  ]   Badge no encontrado; usando descuento calculado 9% para ASIN B0G3RG1SMJ
04/06/2026 14:57:09 [INFO   ]   Scraped: 20 productos (4 con oferta, 16 sin descuento)
04/06/2026 14:57:09 [DEBUG  ]   Top candidatos antes de filtros anti-duplicacion:
04/06/2026 14:57:09 [DEBUG  ]     1. [B0916SLRXT] Chelino Nature Pañal Infantil Talla 3 (4-10 kg), 2 | 26% dto | 0 vals | 400 ventas
04/06/2026 14:57:09 [DEBUG  ]     2. [B0FLX1DNKN] Dodot Sensitive Kit Recién Nacido Pañales + toalli | 20% dto | 0 vals | 200 ventas [MARCA PRIO]
04/06/2026 14:57:09 [DEBUG  ]     3. [B0G3RG1SMJ] Dodot Sensitive Talla 3, 78 Pañales, 6kg-10kg, Has | 9% dto | 0 vals | 1 ventas [MARCA PRIO]
04/06/2026 14:57:09 [DEBUG  ]     4. [B01MUX5MUY] Chelino Pañal infantil Talla 3 (4-10kg), 36 Unidad | 7% dto | 0 vals | 900 ventas
04/06/2026 14:57:09 [INFO   ]   ELEGIDO para categoria: Chelino Nature Pañal Infantil Talla 3 (4-10 k... (26% dto, 0 valoraciones, ASIN: B0916SLRXT)
04/06/2026 14:57:09 [INFO   ] 
04/06/2026 14:57:09 [INFO   ] --- Categoria: Toallitas ---
04/06/2026 14:57:12 [DEBUG  ] https://www.amazon.es:443 "GET /s?k=toallitas+bebe&rh=n%3A1703495031 HTTP/1.1" 200 None
04/06/2026 14:57:13 [DEBUG  ]   Badge no encontrado; usando descuento calculado 28% para ASIN B082N3CB8G
04/06/2026 14:57:13 [DEBUG  ]   Badge no encontrado; usando descuento calculado 20% para ASIN B08MXSBRSB
04/06/2026 14:57:13 [DEBUG  ]   Badge no encontrado; usando descuento calculado 13% para ASIN B0111AIZ68
04/06/2026 14:57:13 [DEBUG  ]   Badge no encontrado; usando descuento calculado 12% para ASIN B00WE5ZS2E
04/06/2026 14:57:13 [DEBUG  ]   Badge no encontrado; usando descuento calculado 9% para ASIN B01N5HZ0NQ
04/06/2026 14:57:13 [DEBUG  ]   Badge no encontrado; usando descuento calculado 39% para ASIN B00J9FM3TI
04/06/2026 14:57:13 [DEBUG  ]   Badge no encontrado; usando descuento calculado 14% para ASIN B08MXT5VDK
04/06/2026 14:57:13 [DEBUG  ]   Badge no encontrado; usando descuento calculado 16% para ASIN B08MXVJTC8
04/06/2026 14:57:13 [INFO   ]   Scraped: 20 productos (8 con oferta, 12 sin descuento)
04/06/2026 14:57:13 [DEBUG  ]   Top candidatos antes de filtros anti-duplicacion:
04/06/2026 14:57:13 [DEBUG  ]     1. [B00J9FM3TI] Dodot Toallitas para Bebé Sensitive - Paquete de 4 | 39% dto | 0 vals | 0 ventas [MARCA PRIO]
04/06/2026 14:57:13 [DEBUG  ]     2. [B082N3CB8G] Dodot Toallitas Sensitive para Bebé, 15 Paquetes D | 28% dto | 0 vals | 0 ventas [MARCA PRIO]
04/06/2026 14:57:13 [DEBUG  ]     3. [B08MXSBRSB] WaterWipes Sensitive+ Newborn & Baby Wipes, Toalli | 20% dto | 0 vals | 0 ventas [MARCA PRIO]
04/06/2026 14:57:13 [DEBUG  ]     4. [B08MXVJTC8] WaterWipes Sensitive+ Newborn & Baby Wipes, Toalli | 16% dto | 0 vals | 0 ventas [MARCA PRIO]
04/06/2026 14:57:13 [DEBUG  ]     5. [B08MXT5VDK] WaterWipes Sensitive+ Newborn & Baby Wipes, Toalli | 14% dto | 0 vals | 0 ventas [MARCA PRIO]
04/06/2026 14:57:13 [INFO   ]   DESCARTADO [ya publicado en <48h] Dodot Toallitas para Bebé Sensitive - Paquete... (39% dto, ASIN: B00J9FM3TI)
04/06/2026 14:57:13 [INFO   ]   DESCARTADO [ya publicado en <48h] Dodot Toallitas Sensitive para Bebé, 15 Paque... (28% dto, ASIN: B082N3CB8G)
04/06/2026 14:57:13 [INFO   ]   DESCARTADO [ya publicado en <48h] WaterWipes Sensitive+ Newborn & Baby Wipes, T... (20% dto, ASIN: B08MXSBRSB)
04/06/2026 14:57:13 [INFO   ]   ELEGIDO para categoria: WaterWipes Sensitive+ Newborn & Baby Wipes, T... (16% dto, 0 valoraciones, ASIN: B08MXVJTC8) [marca prioritaria]
04/06/2026 14:57:13 [INFO   ] 
04/06/2026 14:57:13 [INFO   ] --- Categoria: Cremas bebe ---
04/06/2026 14:57:17 [DEBUG  ] https://www.amazon.es:443 "GET /s?k=crema+bebe+culete HTTP/1.1" 200 None
04/06/2026 14:57:18 [DEBUG  ]   Badge no encontrado; usando descuento calculado 29% para ASIN B00BN8JUCC
04/06/2026 14:57:18 [DEBUG  ]   Badge no encontrado; usando descuento calculado 35% para ASIN B0B5RVR9BL
04/06/2026 14:57:18 [DEBUG  ]   Badge no encontrado; usando descuento calculado 33% para ASIN B005YNOXW4
04/06/2026 14:57:18 [DEBUG  ]   Badge no encontrado; usando descuento calculado 20% para ASIN B09ZFKTSK1
04/06/2026 14:57:18 [DEBUG  ]   Badge no encontrado; usando descuento calculado 13% para ASIN B009SM6M0I
04/06/2026 14:57:18 [DEBUG  ]   Badge no encontrado; usando descuento calculado 29% para ASIN B0CJ2CQBG8
04/06/2026 14:57:18 [DEBUG  ]   Badge no encontrado; usando descuento calculado 12% para ASIN B08PFNR7C6
04/06/2026 14:57:18 [DEBUG  ]   Badge no encontrado; usando descuento calculado 23% para ASIN B0CZPLVPGB
04/06/2026 14:57:18 [DEBUG  ]   Badge no encontrado; usando descuento calculado 7% para ASIN B075HLK1LV
04/06/2026 14:57:18 [INFO   ]   Scraped: 20 productos (8 con oferta, 12 sin descuento)
04/06/2026 14:57:18 [DEBUG  ]   Top candidatos antes de filtros anti-duplicacion:
04/06/2026 14:57:18 [DEBUG  ]     1. [B0B5RVR9BL] Johnson's Baby Crema protectora para pañal (1x100  | 35% dto | 0 vals | 600 ventas
04/06/2026 14:57:18 [DEBUG  ]     2. [B005YNOXW4] BEPANTHOL POMADA PROTECTORA BEBÉ 100G | 33% dto | 0 vals | 0 ventas
04/06/2026 14:57:18 [DEBUG  ]     3. [B0CJ2CQBG8] Weleda Crema Pañal de Caléndula (1x 75 ml) (9831EN | 29% dto | 0 vals | 0 ventas
04/06/2026 14:57:18 [DEBUG  ]     4. [B00BN8JUCC] Weleda - Crema Pañal de Caléndula, Calma y Protege | 29% dto | 0 vals | 3 ventas
04/06/2026 14:57:18 [DEBUG  ]     5. [B0CZPLVPGB] Be+ Pediatrics Pomada Cambio Pañal 75G | 23% dto | 0 vals | 0 ventas
04/06/2026 14:57:18 [INFO   ]   DESCARTADO [ya publicado en <48h] Johnson's Baby Crema protectora para pañal (1... (35% dto, ASIN: B0B5RVR9BL)
04/06/2026 14:57:18 [INFO   ]   ELEGIDO para categoria: BEPANTHOL POMADA PROTECTORA BEBÉ 100G... (33% dto, 0 valoraciones, ASIN: B005YNOXW4)
04/06/2026 14:57:18 [INFO   ] 
04/06/2026 14:57:18 [INFO   ] --- Categoria: Leche en polvo ---
04/06/2026 14:57:22 [DEBUG  ] https://www.amazon.es:443 "GET /s?k=leche+en+polvo+bebe HTTP/1.1" 200 None
04/06/2026 14:57:23 [INFO   ]   Scraped: 20 productos (0 con oferta, 20 sin descuento)
04/06/2026 14:57:23 [INFO   ]   No hay productos con descuento en esta categoria
04/06/2026 14:57:23 [INFO   ] 
04/06/2026 14:57:23 [INFO   ] --- Categoria: Chupetes ---
04/06/2026 14:57:23 [INFO   ]   SALTADA por limite semanal: ultima publicacion el 30/05 13:26 (hace 5 dias, faltan ~2 dias)
04/06/2026 14:57:23 [INFO   ] 
04/06/2026 14:57:23 [INFO   ] --- Categoria: Biberones ---
04/06/2026 14:57:27 [DEBUG  ] https://www.amazon.es:443 "GET /s?k=biberones+bebe&rh=n%3A1703495031 HTTP/1.1" 200 None
04/06/2026 14:57:27 [DEBUG  ]   Badge no encontrado; usando descuento calculado 17% para ASIN B0CLRSBQ64
04/06/2026 14:57:27 [DEBUG  ]   Badge no encontrado; usando descuento calculado 25% para ASIN B0CPKV9MJF
04/06/2026 14:57:27 [DEBUG  ]   Badge no encontrado; usando descuento calculado 17% para ASIN B0CLRRYGCW
04/06/2026 14:57:27 [DEBUG  ]   Badge no encontrado; usando descuento calculado 19% para ASIN B0BWFNBJ7C
04/06/2026 14:57:27 [DEBUG  ]   Badge no encontrado; usando descuento calculado 33% para ASIN B0BWFMQMV8
04/06/2026 14:57:27 [DEBUG  ]   Badge no encontrado; usando descuento calculado 13% para ASIN B09KCQNCFW
04/06/2026 14:57:27 [DEBUG  ]   Badge no encontrado; usando descuento calculado 30% para ASIN B0CYM1KYW6
04/06/2026 14:57:27 [DEBUG  ]   Badge no encontrado; usando descuento calculado 15% para ASIN B0CLRSLDL1
04/06/2026 14:57:27 [DEBUG  ]   Badge no encontrado; usando descuento calculado 9% para ASIN B0BWFM6PBN
04/06/2026 14:57:27 [DEBUG  ]   Badge no encontrado; usando descuento calculado 8% para ASIN B0BWFLPZ5G
04/06/2026 14:57:27 [DEBUG  ]   Badge no encontrado; usando descuento calculado 50% para ASIN B09RPYKTZV
04/06/2026 14:57:27 [DEBUG  ]   Badge no encontrado; usando descuento calculado 36% para ASIN B00336KYAO
04/06/2026 14:57:27 [DEBUG  ]   Badge no encontrado; usando descuento calculado 20% para ASIN B0DBV82D7R
04/06/2026 14:57:27 [INFO   ]   Scraped: 20 productos (11 con oferta, 9 sin descuento)
04/06/2026 14:57:27 [DEBUG  ]   Top candidatos antes de filtros anti-duplicacion:
04/06/2026 14:57:27 [DEBUG  ]     1. [B09RPYKTZV] Chicco NaturalFeeling Biberón Anticólicos 2+ Meses | 50% dto | 0 vals | 50 ventas
04/06/2026 14:57:27 [DEBUG  ]     2. [B00336KYAO] Tommee Tippee Biberones, biberón anticólicos Natur | 36% dto | 0 vals | 100 ventas
04/06/2026 14:57:27 [DEBUG  ]     3. [B0CYM1KYW6] Tommee Tippee Biberones, set Natural Start recién  | 30% dto | 0 vals | 0 ventas
04/06/2026 14:57:27 [DEBUG  ]     4. [B0CPKV9MJF] Suavinex, Biberón Anticólico + Chupete Zero Zero.  | 25% dto | 0 vals | 100 ventas [MARCA PRIO]
04/06/2026 14:57:27 [DEBUG  ]     5. [B0DBV82D7R] Bebeconfort Physio Air Kit Completo Biberones, Ese | 20% dto | 0 vals | 0 ventas
04/06/2026 14:57:27 [INFO   ]   ELEGIDO para categoria: Chicco NaturalFeeling Biberón Anticólicos 2+ ... (50% dto, 0 valoraciones, ASIN: B09RPYKTZV)
04/06/2026 14:57:27 [INFO   ] 
04/06/2026 14:57:27 [INFO   ] --- Categoria: Juguetes ---
04/06/2026 14:57:30 [DEBUG  ] https://www.amazon.es:443 "GET /s?k=juguetes+bebe&rh=n%3A1703495031 HTTP/1.1" 200 None
04/06/2026 14:57:31 [DEBUG  ]   Badge no encontrado; usando descuento calculado 12% para ASIN B07N1JP56L
04/06/2026 14:57:31 [DEBUG  ]   Badge no encontrado; usando descuento calculado 11% para ASIN B09F3KH6MK
04/06/2026 14:57:31 [DEBUG  ]   Badge no encontrado; usando descuento calculado 6% para ASIN B0DZXXLDWN
04/06/2026 14:57:31 [DEBUG  ]   Badge no encontrado; usando descuento calculado 14% para ASIN B08VK9N4BP
04/06/2026 14:57:31 [DEBUG  ]   Badge no encontrado; usando descuento calculado 16% para ASIN B0B7XQL6V8
04/06/2026 14:57:31 [INFO   ]   Scraped: 20 productos (5 con oferta, 15 sin descuento)
04/06/2026 14:57:31 [DEBUG  ]   Top candidatos antes de filtros anti-duplicacion:
04/06/2026 14:57:31 [DEBUG  ]     1. [B0B7XQL6V8] Fisher-Price Maracas Divertidas, 2 sonajeros con e | 16% dto | 0 vals | 0 ventas
04/06/2026 14:57:31 [DEBUG  ]     2. [B08VK9N4BP] Sophie la Girafe – Cofre GCF Giraffe Conservation  | 14% dto | 0 vals | 0 ventas
04/06/2026 14:57:31 [DEBUG  ]     3. [B07N1JP56L] Fisher-Price Nutria Hora de Dormir - Peluche Music | 12% dto | 0 vals | 800 ventas
04/06/2026 14:57:31 [DEBUG  ]     4. [B09F3KH6MK] Fehn pulpo de actividades - juguete para desarroll | 11% dto | 0 vals | 100 ventas
04/06/2026 14:57:31 [DEBUG  ]     5. [B0DZXXLDWN] Mobiclinic®, Andador para Bebés, Con Música y Luce | 6% dto | 0 vals | 100 ventas
04/06/2026 14:57:31 [INFO   ]   ELEGIDO para categoria: Fisher-Price Maracas Divertidas, 2 sonajeros ... (16% dto, 0 valoraciones, ASIN: B0B7XQL6V8)
04/06/2026 14:57:31 [INFO   ] 
04/06/2026 14:57:31 [INFO   ] --- Categoria: Baneras ---
04/06/2026 14:57:34 [DEBUG  ] https://www.amazon.es:443 "GET /s?k=ba%C3%B1era+bebe&rh=n%3A1703495031 HTTP/1.1" 200 None
04/06/2026 14:57:34 [DEBUG  ]   Badge no encontrado; usando descuento calculado 7% para ASIN B0G62LCGBG
04/06/2026 14:57:34 [INFO   ]   Scraped: 20 productos (1 con oferta, 19 sin descuento)
04/06/2026 14:57:34 [DEBUG  ]   Top candidatos antes de filtros anti-duplicacion:
04/06/2026 14:57:34 [DEBUG  ]     1. [B0G62LCGBG] Interbaby Bañera Cambiador Bebé Plegable con Patas | 7% dto | 0 vals | 0 ventas
04/06/2026 14:57:34 [INFO   ]   ELEGIDO para categoria: Interbaby Bañera Cambiador Bebé Plegable con ... (7% dto, 0 valoraciones, ASIN: B0G62LCGBG)
04/06/2026 14:57:34 [INFO   ] 
04/06/2026 14:57:34 [INFO   ] --- Categoria: Camaras seguridad ---
04/06/2026 14:57:34 [INFO   ]   SALTADA por limite semanal: ultima publicacion el 03/06 03:58 (hace 1 dias, faltan ~6 dias)
04/06/2026 14:57:34 [INFO   ] 
04/06/2026 14:57:34 [INFO   ] --- Categoria: Alimentacion ---
04/06/2026 14:57:37 [DEBUG  ] https://www.amazon.es:443 "GET /s?k=potitos+bebe+papilla HTTP/1.1" 200 None
04/06/2026 14:57:38 [INFO   ]   Scraped: 20 productos (0 con oferta, 20 sin descuento)
04/06/2026 14:57:38 [INFO   ]   No hay productos con descuento en esta categoria
04/06/2026 14:57:38 [INFO   ] 
04/06/2026 14:57:38 [INFO   ] --- Categoria: Tronas ---
04/06/2026 14:57:38 [INFO   ]   SALTADA por limite semanal: ultima publicacion el 31/05 04:45 (hace 4 dias, faltan ~3 dias)
04/06/2026 14:57:38 [INFO   ] 
04/06/2026 14:57:38 [INFO   ] --- Categoria: Vajilla bebe ---
04/06/2026 14:57:38 [INFO   ]   SALTADA por limite semanal: ultima publicacion el 30/05 15:05 (hace 4 dias, faltan ~3 dias)
04/06/2026 14:57:38 [INFO   ] 
04/06/2026 14:57:38 [INFO   ] --- Seleccion global (ranking de mejores por categoria) ---
04/06/2026 14:57:38 [INFO   ]   1. [B09RPYKTZV] Chicco NaturalFeeling Biberón Anticólico... | 50% dto | cat: Biberones [cat. reciente]
04/06/2026 14:57:38 [INFO   ]   2. [B005YNOXW4] BEPANTHOL POMADA PROTECTORA BEBÉ 100G... | 33% dto | cat: Cremas bebe [cat. reciente]
04/06/2026 14:57:38 [INFO   ]   3. [B0916SLRXT] Chelino Nature Pañal Infantil Talla 3 (4... | 26% dto | cat: Panales
04/06/2026 14:57:38 [INFO   ]   4. [B08MXVJTC8] WaterWipes Sensitive+ Newborn & Baby Wip... | 16% dto | cat: Toallitas [marca prio] [cat. reciente]
04/06/2026 14:57:38 [INFO   ]   5. [B0B7XQL6V8] Fisher-Price Maracas Divertidas, 2 sonaj... | 16% dto | cat: Juguetes
04/06/2026 14:57:38 [INFO   ]   6. [B0G62LCGBG] Interbaby Bañera Cambiador Bebé Plegable... | 7% dto | cat: Baneras [cat. reciente]
04/06/2026 14:57:38 [INFO   ] Anti-repeticion: la #1 global (Chicco NaturalFeeling Biberón Antic) fue descartada porque su categoria 'Biberones' aparece en las recientes [Cremas bebe, Baneras, Toallitas, Biberones]. Se elige la siguiente valida.
04/06/2026 14:57:38 [INFO   ] 
04/06/2026 14:57:38 [INFO   ] >>> OFERTA SELECCIONADA PARA PUBLICAR:
04/06/2026 14:57:38 [INFO   ]     Titulo:    Chelino Nature Pañal Infantil Talla 3 (4-10 kg), 216 Pañales
04/06/2026 14:57:38 [INFO   ]     Categoria: Panales | Descuento: 26%
04/06/2026 14:57:38 [INFO   ]     Precio:    34,17 € (antes: 46,01 €)
04/06/2026 14:57:38 [INFO   ]     ASIN:      B0916SLRXT | Valoraciones: 0 | Ventas: 400
04/06/2026 14:57:38 [INFO   ]     URL:       https://www.amazon.es/dp/B0916SLRXT?tag=juegosenoferta-21
04/06/2026 14:57:38 [DEBUG  ]     Enviando con foto: https://m.media-amazon.com/images/I/7156NsqANzS._AC_UL320_.jpg
04/06/2026 14:57:38 [DEBUG  ] Starting new HTTPS connection (1): api.telegram.org:443
04/06/2026 14:57:39 [DEBUG  ] https://api.telegram.org:443 "POST /bot8309205336:AAFhfeYUrhteimgv7GMHpxwEDKwl3zmGnuU/sendPhoto HTTP/1.1" 200 1191
04/06/2026 14:57:39 [INFO   ] Mensaje enviado a Telegram correctamente (con foto)
04/06/2026 14:57:39 [DEBUG  ] Historial de categorias actualizado: Panales, Cremas bebe, Baneras, Toallitas
04/06/2026 14:57:39 [INFO   ] 
04/06/2026 14:57:39 [INFO   ] ============================================================
04/06/2026 14:57:39 [INFO   ] FIN - 1 oferta publicada en Telegram
04/06/2026 14:57:39 [INFO   ] ============================================================
04/06/2026 17:46:31 [INFO   ] ============================================================
04/06/2026 17:46:31 [INFO   ] INICIO - BUSCADOR DE OFERTAS DE BEBE | Amazon.es -> Telegram
04/06/2026 17:46:31 [INFO   ] Tag de afiliado: juegosenoferta-21 | Hora: 04/06/2026 17:46
04/06/2026 17:46:31 [INFO   ] ============================================================
04/06/2026 17:46:31 [INFO   ] Historial cargado: 11 ASINs en ventana de 48h (ignorados 0 expirados)
04/06/2026 17:46:31 [INFO   ] Ultimas categorias publicadas (anti-repeticion): Panales, Cremas bebe, Baneras, Toallitas
04/06/2026 17:46:31 [DEBUG  ] Ultimos titulos guardados para anti-similitud: 4 titulos
04/06/2026 17:46:31 [DEBUG  ]   Categoria 'Camaras seguridad' con limite semanal: ultima publicacion hace 1 dias (03/06 03:58)
04/06/2026 17:46:31 [DEBUG  ]   Categoria 'Chupetes' con limite semanal: ultima publicacion hace 5 dias (30/05 13:26)
04/06/2026 17:46:31 [DEBUG  ]   Categoria 'Tronas' con limite semanal: ultima publicacion hace 4 dias (31/05 04:45)
04/06/2026 17:46:31 [DEBUG  ]   Categoria 'Vajilla bebe' con limite semanal: ultima publicacion hace 5 dias (30/05 15:05)
04/06/2026 17:46:31 [INFO   ] Anti-repeticion de categoria: se evitaran las ultimas 4 categorias [Panales, Cremas bebe, Baneras, Toallitas]
04/06/2026 17:46:31 [INFO   ] Anti-titulo-similar activo para categorias Chupetes, Juguetes (4 titulos recientes guardados)
04/06/2026 17:46:31 [INFO   ] 
04/06/2026 17:46:31 [INFO   ] --- Categoria: Panales ---
04/06/2026 17:46:33 [DEBUG  ] Starting new HTTPS connection (1): www.amazon.es:443
04/06/2026 17:46:34 [DEBUG  ] https://www.amazon.es:443 "GET /s?k=pa%C3%B1ales+bebe&rh=n%3A1703495031 HTTP/1.1" 200 None
04/06/2026 17:46:35 [DEBUG  ]   Badge no encontrado; usando descuento calculado 20% para ASIN B0FLX1DNKN
04/06/2026 17:46:35 [DEBUG  ]   Badge no encontrado; usando descuento calculado 7% para ASIN B01MUX5MUY
04/06/2026 17:46:35 [DEBUG  ]   Badge no encontrado; usando descuento calculado 26% para ASIN B0916SLRXT
04/06/2026 17:46:35 [DEBUG  ]   Badge no encontrado; usando descuento calculado 9% para ASIN B0G3RG1SMJ
04/06/2026 17:46:35 [DEBUG  ]   Badge no encontrado; usando descuento calculado 17% para ASIN B08CYCWD7R
04/06/2026 17:46:35 [INFO   ]   Scraped: 20 productos (5 con oferta, 15 sin descuento)
04/06/2026 17:46:35 [DEBUG  ]   Top candidatos antes de filtros anti-duplicacion:
04/06/2026 17:46:35 [DEBUG  ]     1. [B0916SLRXT] Chelino Nature Pañal Infantil Talla 3 (4-10 kg), 2 | 26% dto | 0 vals | 400 ventas
04/06/2026 17:46:35 [DEBUG  ]     2. [B0FLX1DNKN] Dodot Sensitive Kit Recién Nacido Pañales + toalli | 20% dto | 0 vals | 200 ventas [MARCA PRIO]
04/06/2026 17:46:35 [DEBUG  ]     3. [B08CYCWD7R] Huggies Extra Care Pañales para Recién Nacido con  | 17% dto | 0 vals | 200 ventas
04/06/2026 17:46:35 [DEBUG  ]     4. [B0G3RG1SMJ] Dodot Sensitive Talla 3, 78 Pañales, 6kg-10kg, Has | 9% dto | 0 vals | 1 ventas [MARCA PRIO]
04/06/2026 17:46:35 [DEBUG  ]     5. [B01MUX5MUY] Chelino Pañal infantil Talla 3 (4-10kg), 36 Unidad | 7% dto | 0 vals | 900 ventas
04/06/2026 17:46:35 [INFO   ]   DESCARTADO [ya publicado en <48h] Chelino Nature Pañal Infantil Talla 3 (4-10 k... (26% dto, ASIN: B0916SLRXT)
04/06/2026 17:46:35 [INFO   ]   ELEGIDO para categoria: Dodot Sensitive Kit Recién Nacido Pañales + t... (20% dto, 0 valoraciones, ASIN: B0FLX1DNKN) [marca prioritaria]
04/06/2026 17:46:35 [INFO   ] 
04/06/2026 17:46:35 [INFO   ] --- Categoria: Toallitas ---
04/06/2026 17:46:39 [DEBUG  ] https://www.amazon.es:443 "GET /s?k=toallitas+bebe&rh=n%3A1703495031 HTTP/1.1" 200 None
04/06/2026 17:46:40 [DEBUG  ]   Badge no encontrado; usando descuento calculado 28% para ASIN B082N3CB8G
04/06/2026 17:46:40 [DEBUG  ]   Badge no encontrado; usando descuento calculado 13% para ASIN B0111AIZ68
04/06/2026 17:46:40 [DEBUG  ]   Badge no encontrado; usando descuento calculado 20% para ASIN B08MXSBRSB
04/06/2026 17:46:40 [DEBUG  ]   Badge no encontrado; usando descuento calculado 12% para ASIN B00WE5ZS2E
04/06/2026 17:46:40 [DEBUG  ]   Badge no encontrado; usando descuento calculado 9% para ASIN B01N5HZ0NQ
04/06/2026 17:46:40 [DEBUG  ]   Badge no encontrado; usando descuento calculado 39% para ASIN B00J9FM3TI
04/06/2026 17:46:40 [DEBUG  ]   Badge no encontrado; usando descuento calculado 14% para ASIN B08MXT5VDK
04/06/2026 17:46:40 [DEBUG  ]   Badge no encontrado; usando descuento calculado 16% para ASIN B08MXVJTC8
04/06/2026 17:46:40 [INFO   ]   Scraped: 20 productos (8 con oferta, 12 sin descuento)
04/06/2026 17:46:40 [DEBUG  ]   Top candidatos antes de filtros anti-duplicacion:
04/06/2026 17:46:40 [DEBUG  ]     1. [B00J9FM3TI] Dodot Toallitas para Bebé Sensitive - Paquete de 4 | 39% dto | 0 vals | 0 ventas [MARCA PRIO]
04/06/2026 17:46:40 [DEBUG  ]     2. [B082N3CB8G] Dodot Toallitas Sensitive para Bebé, 15 Paquetes D | 28% dto | 0 vals | 0 ventas [MARCA PRIO]
04/06/2026 17:46:40 [DEBUG  ]     3. [B08MXSBRSB] WaterWipes Sensitive+ Newborn & Baby Wipes, Toalli | 20% dto | 0 vals | 0 ventas [MARCA PRIO]
04/06/2026 17:46:40 [DEBUG  ]     4. [B08MXVJTC8] WaterWipes Sensitive+ Newborn & Baby Wipes, Toalli | 16% dto | 0 vals | 0 ventas [MARCA PRIO]
04/06/2026 17:46:40 [DEBUG  ]     5. [B08MXT5VDK] WaterWipes Sensitive+ Newborn & Baby Wipes, Toalli | 14% dto | 0 vals | 0 ventas [MARCA PRIO]
04/06/2026 17:46:40 [INFO   ]   DESCARTADO [ya publicado en <48h] Dodot Toallitas para Bebé Sensitive - Paquete... (39% dto, ASIN: B00J9FM3TI)
04/06/2026 17:46:40 [INFO   ]   DESCARTADO [ya publicado en <48h] Dodot Toallitas Sensitive para Bebé, 15 Paque... (28% dto, ASIN: B082N3CB8G)
04/06/2026 17:46:40 [INFO   ]   DESCARTADO [ya publicado en <48h] WaterWipes Sensitive+ Newborn & Baby Wipes, T... (20% dto, ASIN: B08MXSBRSB)
04/06/2026 17:46:40 [INFO   ]   ELEGIDO para categoria: WaterWipes Sensitive+ Newborn & Baby Wipes, T... (16% dto, 0 valoraciones, ASIN: B08MXVJTC8) [marca prioritaria]
04/06/2026 17:46:40 [INFO   ] 
04/06/2026 17:46:40 [INFO   ] --- Categoria: Cremas bebe ---
04/06/2026 17:46:44 [DEBUG  ] https://www.amazon.es:443 "GET /s?k=crema+bebe+culete HTTP/1.1" 200 None
04/06/2026 17:46:45 [DEBUG  ]   Badge no encontrado; usando descuento calculado 29% para ASIN B00BN8JUCC
04/06/2026 17:46:45 [DEBUG  ]   Badge no encontrado; usando descuento calculado 35% para ASIN B0B5RVR9BL
04/06/2026 17:46:45 [DEBUG  ]   Badge no encontrado; usando descuento calculado 33% para ASIN B005YNOXW4
04/06/2026 17:46:45 [DEBUG  ]   Badge no encontrado; usando descuento calculado 20% para ASIN B09ZFKTSK1
04/06/2026 17:46:45 [DEBUG  ]   Badge no encontrado; usando descuento calculado 12% para ASIN B08PFNR7C6
04/06/2026 17:46:45 [DEBUG  ]   Badge no encontrado; usando descuento calculado 29% para ASIN B0CJ2CQBG8
04/06/2026 17:46:45 [DEBUG  ]   Badge no encontrado; usando descuento calculado 13% para ASIN B009SM6M0I
04/06/2026 17:46:45 [DEBUG  ]   Badge no encontrado; usando descuento calculado 23% para ASIN B0CZPLVPGB
04/06/2026 17:46:45 [INFO   ]   Scraped: 20 productos (7 con oferta, 13 sin descuento)
04/06/2026 17:46:45 [DEBUG  ]   Top candidatos antes de filtros anti-duplicacion:
04/06/2026 17:46:45 [DEBUG  ]     1. [B0B5RVR9BL] Johnson's Baby Crema protectora para pañal (1x100  | 35% dto | 0 vals | 600 ventas
04/06/2026 17:46:45 [DEBUG  ]     2. [B005YNOXW4] BEPANTHOL POMADA PROTECTORA BEBÉ 100G | 33% dto | 0 vals | 0 ventas
04/06/2026 17:46:45 [DEBUG  ]     3. [B0CJ2CQBG8] Weleda Crema Pañal de Caléndula (1x 75 ml) (9831EN | 29% dto | 0 vals | 0 ventas
04/06/2026 17:46:45 [DEBUG  ]     4. [B00BN8JUCC] Weleda - Crema Pañal de Caléndula, Calma y Protege | 29% dto | 0 vals | 3 ventas
04/06/2026 17:46:45 [DEBUG  ]     5. [B0CZPLVPGB] Be+ Pediatrics Pomada Cambio Pañal 75G | 23% dto | 0 vals | 0 ventas
04/06/2026 17:46:45 [INFO   ]   DESCARTADO [ya publicado en <48h] Johnson's Baby Crema protectora para pañal (1... (35% dto, ASIN: B0B5RVR9BL)
04/06/2026 17:46:45 [INFO   ]   ELEGIDO para categoria: BEPANTHOL POMADA PROTECTORA BEBÉ 100G... (33% dto, 0 valoraciones, ASIN: B005YNOXW4)
04/06/2026 17:46:45 [INFO   ] 
04/06/2026 17:46:45 [INFO   ] --- Categoria: Leche en polvo ---
04/06/2026 17:46:47 [DEBUG  ] https://www.amazon.es:443 "GET /s?k=leche+en+polvo+bebe HTTP/1.1" 200 None
04/06/2026 17:46:48 [INFO   ]   Scraped: 20 productos (0 con oferta, 20 sin descuento)
04/06/2026 17:46:48 [INFO   ]   No hay productos con descuento en esta categoria
04/06/2026 17:46:48 [INFO   ] 
04/06/2026 17:46:48 [INFO   ] --- Categoria: Chupetes ---
04/06/2026 17:46:48 [INFO   ]   SALTADA por limite semanal: ultima publicacion el 30/05 13:26 (hace 5 dias, faltan ~2 dias)
04/06/2026 17:46:48 [INFO   ] 
04/06/2026 17:46:48 [INFO   ] --- Categoria: Biberones ---
04/06/2026 17:46:53 [DEBUG  ] https://www.amazon.es:443 "GET /s?k=biberones+bebe&rh=n%3A1703495031 HTTP/1.1" 200 None
04/06/2026 17:46:53 [DEBUG  ]   Badge no encontrado; usando descuento calculado 17% para ASIN B0CLRRYGCW
04/06/2026 17:46:53 [DEBUG  ]   Badge no encontrado; usando descuento calculado 17% para ASIN B0CLRSBQ64
04/06/2026 17:46:53 [DEBUG  ]   Badge no encontrado; usando descuento calculado 19% para ASIN B0BWFNBJ7C
04/06/2026 17:46:53 [DEBUG  ]   Badge no encontrado; usando descuento calculado 30% para ASIN B0CYM1KYW6
04/06/2026 17:46:53 [DEBUG  ]   Badge no encontrado; usando descuento calculado 36% para ASIN B0BWFJL62B
04/06/2026 17:46:53 [DEBUG  ]   Badge no encontrado; usando descuento calculado 25% para ASIN B0CPKV9MJF
04/06/2026 17:46:53 [DEBUG  ]   Badge no encontrado; usando descuento calculado 8% para ASIN B0BWFLPZ5G
04/06/2026 17:46:53 [DEBUG  ]   Badge no encontrado; usando descuento calculado 20% para ASIN B0DBV82D7R
04/06/2026 17:46:53 [DEBUG  ]   Badge no encontrado; usando descuento calculado 33% para ASIN B0BWFMQMV8
04/06/2026 17:46:53 [DEBUG  ]   Badge no encontrado; usando descuento calculado 9% para ASIN B0BWFM6PBN
04/06/2026 17:46:53 [DEBUG  ]   Badge no encontrado; usando descuento calculado 13% para ASIN B09KCQNCFW
04/06/2026 17:46:53 [DEBUG  ]   Badge no encontrado; usando descuento calculado 36% para ASIN B00336KYAO
04/06/2026 17:46:53 [INFO   ]   Scraped: 20 productos (11 con oferta, 9 sin descuento)
04/06/2026 17:46:53 [DEBUG  ]   Top candidatos antes de filtros anti-duplicacion:
04/06/2026 17:46:53 [DEBUG  ]     1. [B00336KYAO] Tommee Tippee Biberones, biberón anticólicos Natur | 36% dto | 0 vals | 100 ventas
04/06/2026 17:46:53 [DEBUG  ]     2. [B0BWFJL62B] PHILIPS Avent Set de regalo de biberón de cristal  | 36% dto | 0 vals | 100 ventas
04/06/2026 17:46:53 [DEBUG  ]     3. [B0CYM1KYW6] Tommee Tippee Biberones, set Natural Start recién  | 30% dto | 0 vals | 0 ventas
04/06/2026 17:46:53 [DEBUG  ]     4. [B0CPKV9MJF] Suavinex, Biberón Anticólico + Chupete Zero Zero.  | 25% dto | 0 vals | 100 ventas [MARCA PRIO]
04/06/2026 17:46:53 [DEBUG  ]     5. [B0DBV82D7R] Bebeconfort Physio Air Kit Completo Biberones, Ese | 20% dto | 0 vals | 0 ventas
04/06/2026 17:46:53 [INFO   ]   DESCARTADO [ya publicado en <48h] Tommee Tippee Biberones, biberón anticólicos ... (36% dto, ASIN: B00336KYAO)
04/06/2026 17:46:53 [INFO   ]   ELEGIDO para categoria: PHILIPS Avent Set de regalo de biberón de cri... (36% dto, 0 valoraciones, ASIN: B0BWFJL62B)
04/06/2026 17:46:53 [INFO   ] 
04/06/2026 17:46:53 [INFO   ] --- Categoria: Juguetes ---
04/06/2026 17:46:56 [DEBUG  ] https://www.amazon.es:443 "GET /s?k=juguetes+bebe&rh=n%3A1703495031 HTTP/1.1" 200 None
04/06/2026 17:46:57 [DEBUG  ]   Badge no encontrado; usando descuento calculado 12% para ASIN B07N1JP56L
04/06/2026 17:46:57 [DEBUG  ]   Badge no encontrado; usando descuento calculado 11% para ASIN B09F3KH6MK
04/06/2026 17:46:57 [DEBUG  ]   Badge no encontrado; usando descuento calculado 6% para ASIN B0DZXXLDWN
04/06/2026 17:46:57 [DEBUG  ]   Badge no encontrado; usando descuento calculado 16% para ASIN B0B7XQL6V8
04/06/2026 17:46:57 [DEBUG  ]   Badge no encontrado; usando descuento calculado 12% para ASIN B0D7PY72XZ
04/06/2026 17:46:57 [INFO   ]   Scraped: 20 productos (5 con oferta, 15 sin descuento)
04/06/2026 17:46:57 [DEBUG  ]   Top candidatos antes de filtros anti-duplicacion:
04/06/2026 17:46:57 [DEBUG  ]     1. [B0B7XQL6V8] Fisher-Price Maracas Divertidas, 2 sonajeros con e | 16% dto | 0 vals | 0 ventas
04/06/2026 17:46:57 [DEBUG  ]     2. [B07N1JP56L] Fisher-Price Nutria Hora de Dormir - Peluche Music | 12% dto | 0 vals | 800 ventas
04/06/2026 17:46:57 [DEBUG  ]     3. [B0D7PY72XZ] Fisher-Price Capibara Abracitos y jueguecitos Jugu | 12% dto | 0 vals | 0 ventas
04/06/2026 17:46:57 [DEBUG  ]     4. [B09F3KH6MK] Fehn pulpo de actividades - juguete para desarroll | 11% dto | 0 vals | 100 ventas
04/06/2026 17:46:57 [DEBUG  ]     5. [B0DZXXLDWN] Mobiclinic®, Andador para Bebés, Con Música y Luce | 6% dto | 0 vals | 100 ventas
04/06/2026 17:46:57 [INFO   ]   ELEGIDO para categoria: Fisher-Price Maracas Divertidas, 2 sonajeros ... (16% dto, 0 valoraciones, ASIN: B0B7XQL6V8)
04/06/2026 17:46:57 [INFO   ] 
04/06/2026 17:46:57 [INFO   ] --- Categoria: Baneras ---
04/06/2026 17:47:01 [DEBUG  ] https://www.amazon.es:443 "GET /s?k=ba%C3%B1era+bebe&rh=n%3A1703495031 HTTP/1.1" 200 None
04/06/2026 17:47:02 [DEBUG  ]   Badge no encontrado; usando descuento calculado 7% para ASIN B0G62LCGBG
04/06/2026 17:47:02 [INFO   ]   Scraped: 20 productos (1 con oferta, 19 sin descuento)
04/06/2026 17:47:02 [DEBUG  ]   Top candidatos antes de filtros anti-duplicacion:
04/06/2026 17:47:02 [DEBUG  ]     1. [B0G62LCGBG] Interbaby Bañera Cambiador Bebé Plegable con Patas | 7% dto | 0 vals | 0 ventas
04/06/2026 17:47:02 [INFO   ]   ELEGIDO para categoria: Interbaby Bañera Cambiador Bebé Plegable con ... (7% dto, 0 valoraciones, ASIN: B0G62LCGBG)
04/06/2026 17:47:02 [INFO   ] 
04/06/2026 17:47:02 [INFO   ] --- Categoria: Camaras seguridad ---
04/06/2026 17:47:02 [INFO   ]   SALTADA por limite semanal: ultima publicacion el 03/06 03:58 (hace 1 dias, faltan ~6 dias)
04/06/2026 17:47:02 [INFO   ] 
04/06/2026 17:47:02 [INFO   ] --- Categoria: Alimentacion ---
04/06/2026 17:47:05 [DEBUG  ] https://www.amazon.es:443 "GET /s?k=potitos+bebe+papilla HTTP/1.1" 200 None
04/06/2026 17:47:06 [INFO   ]   Scraped: 20 productos (0 con oferta, 20 sin descuento)
04/06/2026 17:47:06 [INFO   ]   No hay productos con descuento en esta categoria
04/06/2026 17:47:06 [INFO   ] 
04/06/2026 17:47:06 [INFO   ] --- Categoria: Tronas ---
04/06/2026 17:47:06 [INFO   ]   SALTADA por limite semanal: ultima publicacion el 31/05 04:45 (hace 4 dias, faltan ~3 dias)
04/06/2026 17:47:06 [INFO   ] 
04/06/2026 17:47:06 [INFO   ] --- Categoria: Vajilla bebe ---
04/06/2026 17:47:06 [INFO   ]   SALTADA por limite semanal: ultima publicacion el 30/05 15:05 (hace 5 dias, faltan ~2 dias)
04/06/2026 17:47:06 [INFO   ] 
04/06/2026 17:47:06 [INFO   ] --- Seleccion global (ranking de mejores por categoria) ---
04/06/2026 17:47:06 [INFO   ]   1. [B0BWFJL62B] PHILIPS Avent Set de regalo de biberón d... | 36% dto | cat: Biberones
04/06/2026 17:47:06 [INFO   ]   2. [B005YNOXW4] BEPANTHOL POMADA PROTECTORA BEBÉ 100G... | 33% dto | cat: Cremas bebe [cat. reciente]
04/06/2026 17:47:06 [INFO   ]   3. [B0FLX1DNKN] Dodot Sensitive Kit Recién Nacido Pañale... | 20% dto | cat: Panales [marca prio] [cat. reciente]
04/06/2026 17:47:06 [INFO   ]   4. [B08MXVJTC8] WaterWipes Sensitive+ Newborn & Baby Wip... | 16% dto | cat: Toallitas [marca prio] [cat. reciente]
04/06/2026 17:47:06 [INFO   ]   5. [B0B7XQL6V8] Fisher-Price Maracas Divertidas, 2 sonaj... | 16% dto | cat: Juguetes
04/06/2026 17:47:06 [INFO   ]   6. [B0G62LCGBG] Interbaby Bañera Cambiador Bebé Plegable... | 7% dto | cat: Baneras [cat. reciente]
04/06/2026 17:47:06 [INFO   ] 
04/06/2026 17:47:06 [INFO   ] >>> OFERTA SELECCIONADA PARA PUBLICAR:
04/06/2026 17:47:06 [INFO   ]     Titulo:    PHILIPS Avent Set de regalo de biberón de cristal para recién nacidos: 3 biberones, chupete ultra so...
04/06/2026 17:47:06 [INFO   ]     Categoria: Biberones | Descuento: 36%
04/06/2026 17:47:06 [INFO   ]     Precio:    23,96 € (antes: 37,18 €)
04/06/2026 17:47:06 [INFO   ]     ASIN:      B0BWFJL62B | Valoraciones: 0 | Ventas: 100
04/06/2026 17:47:06 [INFO   ]     URL:       https://www.amazon.es/dp/B0BWFJL62B?tag=juegosenoferta-21
04/06/2026 17:47:06 [DEBUG  ]     Enviando con foto: https://m.media-amazon.com/images/I/71A-6eDeTtL._AC_UL320_.jpg
04/06/2026 17:47:06 [DEBUG  ] Starting new HTTPS connection (1): api.telegram.org:443
04/06/2026 17:47:06 [DEBUG  ] https://api.telegram.org:443 "POST /bot8309205336:AAFhfeYUrhteimgv7GMHpxwEDKwl3zmGnuU/sendPhoto HTTP/1.1" 200 1238
04/06/2026 17:47:06 [INFO   ] Mensaje enviado a Telegram correctamente (con foto)
04/06/2026 17:47:06 [DEBUG  ] Historial de categorias actualizado: Biberones, Panales, Cremas bebe, Baneras
04/06/2026 17:47:06 [INFO   ] 
04/06/2026 17:47:06 [INFO   ] ============================================================
04/06/2026 17:47:06 [INFO   ] FIN - 1 oferta publicada en Telegram
04/06/2026 17:47:06 [INFO   ] ============================================================
