31/03/2026 00:00:01 [INFO   ] ============================================================
31/03/2026 00:00:01 [INFO   ] INICIO BÚSQUEDA PRERESERVAS PS4/PS5
31/03/2026 00:00:01 [INFO   ] ============================================================
31/03/2026 00:00:01 [INFO   ] Historial cargado: 0 ASINs en ventana de 48h (ignorados 0 expirados)
31/03/2026 00:00:01 [INFO   ] Buscando preórdenes: Próximos PS5
31/03/2026 00:00:04 [DEBUG  ] Starting new HTTPS connection (1): www.amazon.es:443
31/03/2026 00:00:04 [DEBUG  ] https://www.amazon.es:443 "GET /s?k=juegos+ps5+proximamente HTTP/1.1" 200 1405
31/03/2026 00:00:04 [INFO   ]   Encontrados 0 items, verificando si son preórdenes...
31/03/2026 00:00:04 [INFO   ] Buscando preórdenes: Próximos PS4
31/03/2026 00:00:08 [DEBUG  ] https://www.amazon.es:443 "GET /s?k=juegos+ps4+proximamente HTTP/1.1" 200 1402
31/03/2026 00:00:08 [INFO   ]   Encontrados 0 items, verificando si son preórdenes...
31/03/2026 00:00:08 [INFO   ] No hay candidatos de preórdenes en este ciclo
31/03/2026 00:00:08 [INFO   ] ============================================================
31/03/2026 00:00:08 [INFO   ] ============================================================
31/03/2026 00:00:08 [INFO   ] INICIO - BUSCADOR DE OFERTAS PS4/PS5 | Amazon.es -> Telegram
31/03/2026 00:00:08 [INFO   ] Tag de afiliado: juegosenoferta-21 | Hora: 31/03/2026 00:00
31/03/2026 00:00:08 [INFO   ] ============================================================
31/03/2026 00:00:08 [INFO   ] Historial cargado: 0 ASINs en ventana de 96h (ignorados 34 expirados)
31/03/2026 00:00:08 [INFO   ] Ultimas categorias publicadas (anti-repeticion): Juegos PS5, Juegos PS5, Juegos PS4, Juegos PS5
31/03/2026 00:00:08 [DEBUG  ] Ultimos titulos guardados para anti-similitud: 4 titulos
31/03/2026 00:00:08 [DEBUG  ]   Categoria '_accesorios_ultima_pub' con limite semanal: ultima publicacion hace 22 dias (08/03 21:47)
31/03/2026 00:00:08 [DEBUG  ]   Categoria '_ultima_publicacion_global' con limite semanal: ultima publicacion hace 38 dias (20/02 23:52)
31/03/2026 00:00:08 [INFO   ] Anti-repeticion de categoria: se evitaran las ultimas 4 categorias [Juegos PS5, Juegos PS5, Juegos PS4, Juegos PS5]
31/03/2026 00:00:08 [INFO   ] Anti-titulo-similar activo para categorias Juegos PS5, Juegos PS4 (4 titulos recientes guardados)
31/03/2026 00:00:08 [INFO   ] 
31/03/2026 00:00:08 [INFO   ] --- Categoria: Juegos PS5 ---
31/03/2026 00:00:11 [DEBUG  ] https://www.amazon.es:443 "GET /s?k=juegos+ps5 HTTP/1.1" 200 1359
31/03/2026 00:00:11 [INFO   ]   Scraped: 0 productos (0 con oferta, 0 sin descuento)
31/03/2026 00:00:11 [INFO   ]   No hay productos con descuento en esta categoria
31/03/2026 00:00:11 [INFO   ] 
31/03/2026 00:00:11 [INFO   ] --- Categoria: Juegos PS4 ---
31/03/2026 00:00:14 [DEBUG  ] https://www.amazon.es:443 "GET /s?k=juegos+ps4 HTTP/1.1" 200 1361
31/03/2026 00:00:14 [INFO   ]   Scraped: 0 productos (0 con oferta, 0 sin descuento)
31/03/2026 00:00:14 [INFO   ]   No hay productos con descuento en esta categoria
31/03/2026 00:00:14 [INFO   ] 
31/03/2026 00:00:14 [INFO   ] --- Categoria: Mandos PS5 ---
31/03/2026 00:00:17 [DEBUG  ] https://www.amazon.es:443 "GET /s?k=mando+dualsense+ps5 HTTP/1.1" 200 1391
31/03/2026 00:00:17 [INFO   ]   Scraped: 0 productos (0 con oferta, 0 sin descuento)
31/03/2026 00:00:17 [INFO   ]   No hay productos con descuento en esta categoria
31/03/2026 00:00:17 [INFO   ] 
31/03/2026 00:00:17 [INFO   ] --- Categoria: Mandos PS4 ---
31/03/2026 00:00:19 [DEBUG  ] https://www.amazon.es:443 "GET /s?k=mando+dualshock+ps4 HTTP/1.1" 200 1392
31/03/2026 00:00:19 [INFO   ]   Scraped: 0 productos (0 con oferta, 0 sin descuento)
31/03/2026 00:00:19 [INFO   ]   No hay productos con descuento en esta categoria
31/03/2026 00:00:19 [INFO   ] 
31/03/2026 00:00:19 [INFO   ] --- Categoria: Auriculares gaming ---
31/03/2026 00:00:23 [DEBUG  ] https://www.amazon.es:443 "GET /s?k=auriculares+gaming+ps4+ps5 HTTP/1.1" 200 1415
31/03/2026 00:00:23 [INFO   ]   Scraped: 0 productos (0 con oferta, 0 sin descuento)
31/03/2026 00:00:23 [INFO   ]   No hay productos con descuento en esta categoria
31/03/2026 00:00:23 [INFO   ] 
31/03/2026 00:00:23 [INFO   ] --- Categoria: Tarjetas PSN ---
31/03/2026 00:00:25 [DEBUG  ] https://www.amazon.es:443 "GET /s?k=tarjeta+psn+playstation HTTP/1.1" 200 1402
31/03/2026 00:00:25 [INFO   ]   Scraped: 0 productos (0 con oferta, 0 sin descuento)
31/03/2026 00:00:25 [INFO   ]   No hay productos con descuento en esta categoria
31/03/2026 00:00:25 [INFO   ] 
31/03/2026 00:00:25 [INFO   ] --- Categoria: Accesorios PS5 ---
31/03/2026 00:00:27 [DEBUG  ] https://www.amazon.es:443 "GET /s?k=accesorios+ps5 HTTP/1.1" 200 1366
31/03/2026 00:00:27 [INFO   ]   Scraped: 0 productos (0 con oferta, 0 sin descuento)
31/03/2026 00:00:27 [INFO   ]   No hay productos con descuento en esta categoria
31/03/2026 00:00:27 [INFO   ] 
31/03/2026 00:00:27 [INFO   ] --- Categoria: Accesorios PS4 ---
31/03/2026 00:00:30 [DEBUG  ] https://www.amazon.es:443 "GET /s?k=accesorios+ps4 HTTP/1.1" 200 1372
31/03/2026 00:00:30 [INFO   ]   Scraped: 0 productos (0 con oferta, 0 sin descuento)
31/03/2026 00:00:30 [INFO   ]   No hay productos con descuento en esta categoria
31/03/2026 00:00:30 [INFO   ] 
31/03/2026 00:00:30 [INFO   ] ============================================================
31/03/2026 00:00:30 [INFO   ] RESULTADO: No hay ofertas nuevas para publicar en este ciclo
31/03/2026 00:00:30 [INFO   ] ============================================================
